Felix@FHe15:~/Physik/PhD$ ./py/NPB392-229.py 
LHAPDF 6.1.6 loading /usr/local/share/LHAPDF/MorfinTungB/MorfinTungB_0000.dat
LHAPDF 6.1.6 loading /usr/local/share/LHAPDF/MorfinTungB/MorfinTungB_0000.dat
LHAPDF 6.1.6 loading /usr/local/share/LHAPDF/MorfinTungB/MorfinTungB_0000.dat
MorfinTungB PDF set, member #0, version 1
LHAPDF 6.1.6 loading /usr/local/share/LHAPDF/MorfinTungB/MorfinTungB_0000.dat
MorfinTungB PDF set, member #0, version 1
MorfinTungB PDF set, member #0, version 1
LHAPDF 6.1.6 loading /usr/local/share/LHAPDF/MorfinTungB/MorfinTungB_0000.dat
MorfinTungB PDF set, member #0, version 1
LHAPDF 6.1.6 loading /usr/local/share/LHAPDF/MorfinTungB/MorfinTungB_0000.dat
LHAPDF 6.1.6 loading /usr/local/share/LHAPDF/MorfinTungB/MorfinTungB_0000.dat
MorfinTungB PDF set, member #0, version 1
MorfinTungB PDF set, member #0, version 1
MorfinTungB PDF set, member #0, version 1
LHAPDF 6.1.6 loading /usr/local/share/LHAPDF/MorfinTungB/MorfinTungB_0000.dat
MorfinTungB PDF set, member #0, version 1
[INFO] int5D(Dvegas): [0]  6.599285e-02 ± 9.554678e-06 (0.014%) chi2/it: 1.166
[SUCC] /home/Felix/Physik/PhD/data/NPB392-229-MorfinTungB/dFGc_dy_x-3_0.dat
LHAPDF 6.1.6 loading /usr/local/share/LHAPDF/MorfinTungB/MorfinTungB_0000.dat
MorfinTungB PDF set, member #0, version 1
[INFO] int5D(Dvegas): [0]  1.129809e-01 ± 1.785274e-05 (0.016%) chi2/it: 0.955
[SUCC] /home/Felix/Physik/PhD/data/NPB392-229-MorfinTungB/dFGc_dy_x-4_0.dat
LHAPDF 6.1.6 loading /usr/local/share/LHAPDF/MorfinTungB/MorfinTungB_0000.dat
MorfinTungB PDF set, member #0, version 1
[INFO] int5D(Dvegas): [1]  2.610885e-04 ± 1.882107e-08 (0.007%) chi2/it: 0.705
[SUCC] /home/Felix/Physik/PhD/data/NPB392-229-MorfinTungB/dFLc_dy_x-1_0.dat
LHAPDF 6.1.6 loading /usr/local/share/LHAPDF/MorfinTungB/MorfinTungB_0000.dat
MorfinTungB PDF set, member #0, version 1
[INFO] int5D(Dvegas): [2]  1.204835e-03 ± 1.174284e-07 (0.010%) chi2/it: 0.629
[SUCC] /home/Felix/Physik/PhD/data/NPB392-229-MorfinTungB/dFGc_dy_x-1_0.dat
LHAPDF 6.1.6 loading /usr/local/share/LHAPDF/MorfinTungB/MorfinTungB_0000.dat
MorfinTungB PDF set, member #0, version 1
[INFO] int5D(Dvegas): [0]  5.058149e-03 ± 3.882423e-07 (0.008%) chi2/it: 1.472
[SUCC] /home/Felix/Physik/PhD/data/NPB392-229-MorfinTungB/dFLc_dy_x-2_0.dat
LHAPDF 6.1.6 loading /usr/local/share/LHAPDF/MorfinTungB/MorfinTungB_0000.dat
MorfinTungB PDF set, member #0, version 1
[INFO] int5D(Dvegas): [3]  2.503847e-02 ± 3.160333e-06 (0.013%) chi2/it: 1.158
[SUCC] /home/Felix/Physik/PhD/data/NPB392-229-MorfinTungB/dFGc_dy_x-2_0.dat
LHAPDF 6.1.6 loading /usr/local/share/LHAPDF/MorfinTungB/MorfinTungB_0000.dat
MorfinTungB PDF set, member #0, version 1
[INFO] int5D(Dvegas): [0]  1.134494e-02 ± 8.698057e-07 (0.008%) chi2/it: 0.675
[SUCC] /home/Felix/Physik/PhD/data/NPB392-229-MorfinTungB/dFLc_dy_x-3_0.dat
LHAPDF 6.1.6 loading /usr/local/share/LHAPDF/MorfinTungB/MorfinTungB_0000.dat
MorfinTungB PDF set, member #0, version 1
[INFO] int5D(Dvegas): [1]  1.827872e-02 ± 1.380869e-06 (0.008%) chi2/it: 1.283
[SUCC] /home/Felix/Physik/PhD/data/NPB392-229-MorfinTungB/dFLc_dy_x-4_0.dat
LHAPDF 6.1.6 loading /usr/local/share/LHAPDF/MorfinTungB/MorfinTungB_0000.dat
MorfinTungB PDF set, member #0, version 1
[INFO] int5D(Dvegas): [0]  1.075023e-01 ± 5.669367e-04 (0.527%) chi2/it: 1.376
[SUCC] /home/Felix/Physik/PhD/data/NPB392-229-MorfinTungB/dFGc_dy_x-4_1.dat
[INFO] int5D(Dvegas): [0]  2.665296e-02 ± 6.175651e-05 (0.232%) chi2/it: 0.927
[SUCC] /home/Felix/Physik/PhD/data/NPB392-229-MorfinTungB/dFGc_dy_x-2_1.dat
[INFO] int5D(Dvegas): [0]  1.775544e-03 ± 2.275218e-06 (0.128%) chi2/it: 1.300
[SUCC] /home/Felix/Physik/PhD/data/NPB392-229-MorfinTungB/dFGc_dy_x-1_1.dat
[INFO] int5D(Dvegas): [0]  4.283764e-04 ± 6.906211e-07 (0.161%) chi2/it: 1.200
[SUCC] /home/Felix/Physik/PhD/data/NPB392-229-MorfinTungB/dFLc_dy_x-1_1.dat
[INFO] int5D(Dvegas): [0]  5.908602e-03 ± 1.501503e-05 (0.254%) chi2/it: 0.912
[SUCC] /home/Felix/Physik/PhD/data/NPB392-229-MorfinTungB/dFLc_dy_x-2_1.dat
[INFO] int5D(Dvegas): [0]  1.217011e-02 ± 4.778544e-05 (0.393%) chi2/it: 0.588
[SUCC] /home/Felix/Physik/PhD/data/NPB392-229-MorfinTungB/dFLc_dy_x-3_1.dat
[INFO] int5D(Dvegas): [0]  1.948681e-02 ± 1.156083e-04 (0.593%) chi2/it: 0.827
[SUCC] /home/Felix/Physik/PhD/data/NPB392-229-MorfinTungB/dFLc_dy_x-4_1.dat
[INFO] int5D(Dvegas): [2]  6.337374e-02 ± 1.956398e-04 (0.309%) chi2/it: 0.726
[SUCC] /home/Felix/Physik/PhD/data/NPB392-229-MorfinTungB/dFGc_dy_x-3_1.dat

Felix@FHe15:~/Physik/PhD$ ./py/NPB392-229.py 
LHAPDF 6.1.6 loading /usr/local/share/LHAPDF/MSTW2008nlo90cl/MSTW2008nlo90cl_0000.dat
LHAPDF 6.1.6 loading /usr/local/share/LHAPDF/MSTW2008nlo90cl/MSTW2008nlo90cl_0000.dat
LHAPDF 6.1.6 loading /usr/local/share/LHAPDF/MSTW2008nlo90cl/MSTW2008nlo90cl_0000.dat
MSTW2008nlo90cl PDF set, member #0, version 3; LHAPDF ID = 21150
LHAPDF 6.1.6 loading /usr/local/share/LHAPDF/MSTW2008nlo90cl/MSTW2008nlo90cl_0000.dat
MSTW2008nlo90cl PDF set, member #0, version 3; LHAPDF ID = 21150
MSTW2008nlo90cl PDF set, member #0, version 3; LHAPDF ID = 21150
LHAPDF 6.1.6 loading /usr/local/share/LHAPDF/MSTW2008nlo90cl/MSTW2008nlo90cl_0000.dat
LHAPDF 6.1.6 loading /usr/local/share/LHAPDF/MSTW2008nlo90cl/MSTW2008nlo90cl_0000.dat
MSTW2008nlo90cl PDF set, member #0, version 3; LHAPDF ID = 21150
MSTW2008nlo90cl PDF set, member #0, version 3; LHAPDF ID = 21150
MSTW2008nlo90cl PDF set, member #0, version 3; LHAPDF ID = 21150
LHAPDF 6.1.6 loading /usr/local/share/LHAPDF/MSTW2008nlo90cl/MSTW2008nlo90cl_0000.dat
MSTW2008nlo90cl PDF set, member #0, version 3; LHAPDF ID = 21150
LHAPDF 6.1.6 loading /usr/local/share/LHAPDF/MSTW2008nlo90cl/MSTW2008nlo90cl_0000.dat
MSTW2008nlo90cl PDF set, member #0, version 3; LHAPDF ID = 21150
[INFO] int5D(Dvegas): [0]  7.707401e-02 ± 1.658304e-05 (0.022%) chi2/it: 0.546
[SUCC] /home/Felix/Physik/PhD/data/NPB392-229-MSTW2008nlo90cl/dFGc_dpt_x-3_0.dat
LHAPDF 6.1.6 loading /usr/local/share/LHAPDF/MSTW2008nlo90cl/MSTW2008nlo90cl_0000.dat
MSTW2008nlo90cl PDF set, member #0, version 3; LHAPDF ID = 21150
[INFO] int5D(Dvegas): [2]  1.106655e-03 ± 2.261806e-07 (0.020%) chi2/it: 1.108
[SUCC] /home/Felix/Physik/PhD/data/NPB392-229-MSTW2008nlo90cl/dFGc_dpt_x-1_0.dat
LHAPDF 6.1.6 loading /usr/local/share/LHAPDF/MSTW2008nlo90cl/MSTW2008nlo90cl_0000.dat
MSTW2008nlo90cl PDF set, member #0, version 3; LHAPDF ID = 21150
[INFO] int5D(Dvegas): [1]  2.323686e-04 ± 3.232023e-08 (0.014%) chi2/it: 1.472
[SUCC] /home/Felix/Physik/PhD/data/NPB392-229-MSTW2008nlo90cl/dFLc_dpt_x-1_0.dat
LHAPDF 6.1.6 loading /usr/local/share/LHAPDF/MSTW2008nlo90cl/MSTW2008nlo90cl_0000.dat
MSTW2008nlo90cl PDF set, member #0, version 3; LHAPDF ID = 21150
[INFO] int5D(Dvegas): [4]  2.293624e-02 ± 5.295241e-06 (0.023%) chi2/it: 0.600
[SUCC] /home/Felix/Physik/PhD/data/NPB392-229-MSTW2008nlo90cl/dFGc_dpt_x-2_0.dat
LHAPDF 6.1.6 loading /usr/local/share/LHAPDF/MSTW2008nlo90cl/MSTW2008nlo90cl_0000.dat
MSTW2008nlo90cl PDF set, member #0, version 3; LHAPDF ID = 21150
[INFO] int5D(Dvegas): [3]  1.668182e-01 ± 3.348087e-05 (0.020%) chi2/it: 0.690
[SUCC] /home/Felix/Physik/PhD/data/NPB392-229-MSTW2008nlo90cl/dFGc_dpt_x-4_0.dat
LHAPDF 6.1.6 loading /usr/local/share/LHAPDF/MSTW2008nlo90cl/MSTW2008nlo90cl_0000.dat
MSTW2008nlo90cl PDF set, member #0, version 3; LHAPDF ID = 21150
[INFO] int5D(Dvegas): [0]  1.404155e-02 ± 1.547536e-06 (0.011%) chi2/it: 0.865
[SUCC] /home/Felix/Physik/PhD/data/NPB392-229-MSTW2008nlo90cl/dFLc_dpt_x-3_0.dat
LHAPDF 6.1.6 loading /usr/local/share/LHAPDF/MSTW2008nlo90cl/MSTW2008nlo90cl_0000.dat
MSTW2008nlo90cl PDF set, member #0, version 3; LHAPDF ID = 21150
[INFO] int5D(Dvegas): [4]  4.633952e-03 ± 9.348978e-07 (0.020%) chi2/it: 0.655
[SUCC] /home/Felix/Physik/PhD/data/NPB392-229-MSTW2008nlo90cl/dFLc_dpt_x-2_0.dat
LHAPDF 6.1.6 loading /usr/local/share/LHAPDF/MSTW2008nlo90cl/MSTW2008nlo90cl_0000.dat
MSTW2008nlo90cl PDF set, member #0, version 3; LHAPDF ID = 21150
[INFO] int5D(Dvegas): [0]  2.911905e-02 ± 2.801453e-06 (0.010%) chi2/it: 1.154
[SUCC] /home/Felix/Physik/PhD/data/NPB392-229-MSTW2008nlo90cl/dFLc_dpt_x-4_0.dat
LHAPDF 6.1.6 loading /usr/local/share/LHAPDF/MSTW2008nlo90cl/MSTW2008nlo90cl_0000.dat
MSTW2008nlo90cl PDF set, member #0, version 3; LHAPDF ID = 21150
[INFO] int5D(Dvegas): [0]  3.757077e-04 ± 6.964394e-07 (0.185%) chi2/it: 0.919
[SUCC] /home/Felix/Physik/PhD/data/NPB392-229-MSTW2008nlo90cl/dFLc_dpt_x-1_1.dat
[INFO] int5D(Dvegas): [0]  1.432869e-01 ± 8.214547e-04 (0.573%) chi2/it: 1.284
[SUCC] /home/Felix/Physik/PhD/data/NPB392-229-MSTW2008nlo90cl/dFGc_dpt_x-4_1.dat
[INFO] int5D(Dvegas): [0]  2.784364e-02 ± 1.985359e-04 (0.713%) chi2/it: 0.646
[SUCC] /home/Felix/Physik/PhD/data/NPB392-229-MSTW2008nlo90cl/dFLc_dpt_x-4_1.dat
[INFO] int5D(Dvegas): [1]  1.579225e-03 ± 2.540877e-06 (0.161%) chi2/it: 0.552
[SUCC] /home/Felix/Physik/PhD/data/NPB392-229-MSTW2008nlo90cl/dFGc_dpt_x-1_1.dat
[INFO] int5D(Dvegas): [2]  5.672353e-03 ± 1.316502e-05 (0.232%) chi2/it: 0.768
[SUCC] /home/Felix/Physik/PhD/data/NPB392-229-MSTW2008nlo90cl/dFLc_dpt_x-2_1.dat
[INFO] int5D(Dvegas): [2]  1.462302e-02 ± 5.311782e-05 (0.363%) chi2/it: 1.163
[SUCC] /home/Felix/Physik/PhD/data/NPB392-229-MSTW2008nlo90cl/dFLc_dpt_x-3_1.dat
[INFO] int5D(Dvegas): [4]  7.160011e-02 ± 2.641519e-04 (0.369%) chi2/it: 1.249
[SUCC] /home/Felix/Physik/PhD/data/NPB392-229-MSTW2008nlo90cl/dFGc_dpt_x-3_1.dat
[INFO] int5D(Dvegas): [8]  2.495023e-02 ± 6.967344e-05 (0.279%) chi2/it: 0.943
[SUCC] /home/Felix/Physik/PhD/data/NPB392-229-MSTW2008nlo90cl/dFGc_dpt_x-2_1.dat


