[INFO] m2 = 2.25, q2 = -10, proj = L
LHAPDF 6.1.6 loading /usr/local/share/LHAPDF/MSTW2008nlo90cl/MSTW2008nlo90cl_0000.dat
MSTW2008nlo90cl PDF set, member #0, version 3; LHAPDF ID = 21150
LHAPDF 6.1.6 loading /usr/local/share/LHAPDF/MSTW2008nlo90cl/MSTW2008nlo90cl_0000.dat
MSTW2008nlo90cl PDF set, member #0, version 3; LHAPDF ID = 21150
===================================================
iteration with 1000000 shots
integral: 0.0283751 +/- 0.0090634   (31.9414%)
positive: 86107.3
negative: -57732.2
===================================================
===================================================
iteration with 1000000 shots
integral: 0.0275613 +/- 0.00133963   (4.86053%)
positive: 82020.3
negative: -54459
===================================================
***************************************************
integral: 0.0275787 +/- 0.00132523   (4.80526%)
chi^2/iteration: 0.00788975 based on 2 iterations
***************************************************
===================================================
iteration with 1000000 shots
integral: 0.0273101 +/- 0.000394748   (1.44543%)
positive: 82263.1
negative: -54953
===================================================
***************************************************
integral: 0.027332 +/- 0.000378321   (1.38417%)
chi^2/iteration: 0.0228185 based on 3 iterations
***************************************************
===================================================
iteration with 1000000 shots
integral: 0.0274977 +/- 0.000283253   (1.0301%)
positive: 82423.4
negative: -54925.8
===================================================
***************************************************
integral: 0.0274381 +/- 0.000226743   (0.826378%)
chi^2/iteration: 0.0561854 based on 4 iterations
***************************************************
===================================================
iteration with 1000000 shots
integral: 0.0270187 +/- 0.000269785   (0.998512%)
positive: 82125.9
negative: -55107.2
===================================================
***************************************************
integral: 0.0272645 +/- 0.000173579   (0.636648%)
chi^2/iteration: 0.396272 based on 5 iterations
***************************************************
===================================================
iteration with 1000000 shots
integral: 0.0272804 +/- 0.000265969   (0.974944%)
positive: 81961.3
negative: -54680.9
===================================================
***************************************************
integral: 0.0272693 +/- 0.000145361   (0.533059%)
chi^2/iteration: 0.317518 based on 6 iterations
***************************************************
===================================================
iteration with 1000000 shots
integral: 0.0276695 +/- 0.000265653   (0.960091%)
positive: 82339.8
negative: -54670.3
===================================================
***************************************************
integral: 0.0273615 +/- 0.000127519   (0.466053%)
chi^2/iteration: 0.555782 based on 7 iterations
***************************************************
===================================================
iteration with 1000000 shots
integral: 0.0272053 +/- 0.000264334   (0.971628%)
positive: 81894.9
negative: -54689.6
===================================================
***************************************************
integral: 0.027332 +/- 0.000114853   (0.420214%)
chi^2/iteration: 0.516832 based on 8 iterations
***************************************************
===================================================
iteration with 1000000 shots
integral: 0.0274541 +/- 0.000264971   (0.965141%)
positive: 82303.9
negative: -54849.8
===================================================
***************************************************
integral: 0.0273513 +/- 0.000105379   (0.385281%)
chi^2/iteration: 0.474576 based on 9 iterations
***************************************************
===================================================
iteration with 1000000 shots
integral: 0.0272739 +/- 0.000265082   (0.971924%)
positive: 82266.4
negative: -54992.4
===================================================
***************************************************
integral: 0.0273408 +/- 9.79252e-05   (0.358166%)
chi^2/iteration: 0.430019 based on 10 iterations
***************************************************
[INFO] int5D(Dvegas): [0]  2.734076e-02 ± 9.792524e-05 (0.358%) chi2/it: 0.430
2.735433e-02	2.734076e-02	1.356835e-05	4.960223e-04
Thanks for using LHAPDF 6.1.6. Please make sure to cite the paper:
  Eur.Phys.J. C75 (2015) 3, 132  (http://arxiv.org/abs/1412.7420)
Press ENTER to continue...


