###########
omega = 0.8
LHAPDF 6.1.6 loading /usr/local/share/LHAPDF/MSTW2008nlo90cl/MSTW2008nlo90cl_0000.dat
MSTW2008nlo90cl PDF set, member #0, version 3; LHAPDF ID = 21150
LHAPDF 6.1.6 loading /usr/local/share/LHAPDF/MSTW2008nlo90cl/MSTW2008nlo90cl_0000.dat
MSTW2008nlo90cl PDF set, member #0, version 3; LHAPDF ID = 21150
===================================================
iteration with 500000 shots
integral: 0.0678798 +/- 0.000907951   (1.33759%)
positive: 78987
negative: -45047.1
===================================================
===================================================
iteration with 500000 shots
integral: 0.0680994 +/- 0.000650775   (0.955625%)
positive: 79394.5
negative: -45344.8
===================================================
***************************************************
integral: 0.0680249 +/- 0.00052894   (0.777568%)
chi^2/iteration: 0.0386384 based on 2 iterations
***************************************************
===================================================
iteration with 500000 shots
integral: 0.0677032 +/- 0.000623605   (0.921086%)
positive: 79305
negative: -45453.4
===================================================
***************************************************
integral: 0.0678903 +/- 0.000403379   (0.594163%)
chi^2/iteration: 0.0966899 based on 3 iterations
***************************************************
===================================================
iteration with 500000 shots
integral: 0.0684465 +/- 0.000613013   (0.895609%)
positive: 79428
negative: -45204.7
===================================================
***************************************************
integral: 0.0680584 +/- 0.000336969   (0.495118%)
chi^2/iteration: 0.25596 based on 4 iterations
***************************************************
===================================================
iteration with 500000 shots
integral: 0.0684301 +/- 0.000611277   (0.893287%)
positive: 79557
negative: -45342
===================================================
***************************************************
integral: 0.068145 +/- 0.000295101   (0.433049%)
chi^2/iteration: 0.262875 based on 5 iterations
***************************************************
===================================================
iteration with 500000 shots
integral: 0.0671924 +/- 0.000610678   (0.90885%)
positive: 79161.3
negative: -45565.1
===================================================
===================================================
iteration with 500000 shots
integral: 0.0688585 +/- 0.00060958   (0.885266%)
positive: 79691.3
negative: -45262
===================================================
***************************************************
integral: 0.068027 +/- 0.000431426   (0.634199%)
chi^2/iteration: 3.72818 based on 2 iterations
***************************************************
===================================================
iteration with 500000 shots
integral: 0.067831 +/- 0.000605614   (0.892828%)
positive: 78991.5
negative: -45076
===================================================
***************************************************
integral: 0.067961 +/- 0.000351383   (0.517036%)
chi^2/iteration: 1.89883 based on 3 iterations
***************************************************
===================================================
iteration with 500000 shots
integral: 0.0669683 +/- 0.000609396   (0.909977%)
positive: 79106.6
negative: -45622.5
===================================================
***************************************************
integral: 0.0677133 +/- 0.000304404   (0.449549%)
chi^2/iteration: 1.92968 based on 4 iterations
***************************************************
===================================================
iteration with 500000 shots
integral: 0.0670727 +/- 0.000608936   (0.907874%)
positive: 79167.7
negative: -45631.4
===================================================
***************************************************
integral: 0.0675852 +/- 0.000272279   (0.402867%)
chi^2/iteration: 1.66859 based on 5 iterations
***************************************************
===================================================
iteration with 500000 shots
integral: 0.0676209 +/- 0.000606599   (0.897058%)
positive: 79171.2
negative: -45360.8
===================================================
===================================================
iteration with 500000 shots
integral: 0.0673967 +/- 0.000609834   (0.904842%)
positive: 79130.9
negative: -45432.6
===================================================
***************************************************
integral: 0.0675094 +/- 0.000430069   (0.637051%)
chi^2/iteration: 0.0679689 based on 2 iterations
***************************************************
===================================================
iteration with 500000 shots
integral: 0.0675223 +/- 0.00061015   (0.903628%)
positive: 79045.9
negative: -45284.8
===================================================
***************************************************
integral: 0.0675137 +/- 0.000351522   (0.520668%)
chi^2/iteration: 0.0341333 based on 3 iterations
***************************************************
===================================================
iteration with 500000 shots
integral: 0.0678624 +/- 0.000607102   (0.894607%)
positive: 79186.2
negative: -45255
===================================================
***************************************************
integral: 0.0676012 +/- 0.000304208   (0.450003%)
chi^2/iteration: 0.105122 based on 4 iterations
***************************************************
===================================================
iteration with 500000 shots
integral: 0.0676505 +/- 0.000605269   (0.8947%)
positive: 78932.6
negative: -45107.3
===================================================
***************************************************
integral: 0.0676112 +/- 0.000271808   (0.402017%)
chi^2/iteration: 0.080163 based on 5 iterations
***************************************************
===================================================
iteration with 500000 shots
integral: 0.0676873 +/- 0.000610517   (0.901966%)
positive: 79289.6
negative: -45445.9
===================================================
===================================================
iteration with 500000 shots
integral: 0.0686141 +/- 0.000610667   (0.890001%)
positive: 79544.1
negative: -45237.1
===================================================
***************************************************
integral: 0.0681506 +/- 0.000431753   (0.633528%)
chi^2/iteration: 1.15198 based on 2 iterations
***************************************************
===================================================
iteration with 500000 shots
integral: 0.0679189 +/- 0.000608443   (0.895838%)
positive: 79216.8
negative: -45257.4
===================================================
***************************************************
integral: 0.068073 +/- 0.00035211   (0.517254%)
chi^2/iteration: 0.624231 based on 3 iterations
***************************************************
===================================================
iteration with 500000 shots
integral: 0.0682139 +/- 0.000607074   (0.889957%)
positive: 79487.5
negative: -45380.5
===================================================
***************************************************
integral: 0.0681085 +/- 0.000304585   (0.447205%)
chi^2/iteration: 0.429594 based on 4 iterations
***************************************************
===================================================
iteration with 500000 shots
integral: 0.0675023 +/- 0.000610531   (0.90446%)
positive: 79202.4
negative: -45451.2
===================================================
***************************************************
integral: 0.0679877 +/- 0.00027255   (0.400882%)
chi^2/iteration: 0.519543 based on 5 iterations
***************************************************
[INFO] int5D(Dvegas): [3]  6.798767e-02 ± 2.725504e-04 (0.401%) chi2/it: 0.520
6.350462e-02	6.798767e-02	-4.483049e-03	-7.059406e-02
Thanks for using LHAPDF 6.1.6. Please make sure to cite the paper:
  Eur.Phys.J. C75 (2015) 3, 132  (http://arxiv.org/abs/1412.7420)
Press ENTER to continue...

###########
omega = 1.0
LHAPDF 6.1.6 loading /usr/local/share/LHAPDF/MSTW2008nlo90cl/MSTW2008nlo90cl_0000.dat
MSTW2008nlo90cl PDF set, member #0, version 3; LHAPDF ID = 21150
LHAPDF 6.1.6 loading /usr/local/share/LHAPDF/MSTW2008nlo90cl/MSTW2008nlo90cl_0000.dat
MSTW2008nlo90cl PDF set, member #0, version 3; LHAPDF ID = 21150
===================================================
iteration with 500000 shots
integral: 0.0672541 +/- 0.000929147   (1.38155%)
positive: 79573.9
negative: -45946.9
===================================================
===================================================
iteration with 500000 shots
integral: 0.0679022 +/- 0.000651323   (0.959208%)
positive: 79609.6
negative: -45658.5
===================================================
***************************************************
integral: 0.0676886 +/- 0.000533336   (0.787926%)
chi^2/iteration: 0.326231 based on 2 iterations
***************************************************
===================================================
iteration with 500000 shots
integral: 0.0677104 +/- 0.000620729   (0.916741%)
positive: 79598.6
negative: -45743.5
===================================================
***************************************************
integral: 0.0676979 +/- 0.000404526   (0.597546%)
chi^2/iteration: 0.163469 based on 3 iterations
***************************************************
===================================================
iteration with 500000 shots
integral: 0.068327 +/- 0.000612595   (0.896563%)
positive: 79723.1
negative: -45559.6
===================================================
***************************************************
integral: 0.0678889 +/- 0.000337567   (0.497234%)
chi^2/iteration: 0.353806 based on 4 iterations
***************************************************
===================================================
iteration with 500000 shots
integral: 0.0684457 +/- 0.000611925   (0.894031%)
positive: 79941.2
negative: -45718.4
===================================================
***************************************************
integral: 0.0680188 +/- 0.000295576   (0.43455%)
chi^2/iteration: 0.424023 based on 5 iterations
***************************************************
===================================================
iteration with 500000 shots
integral: 0.0671676 +/- 0.000609886   (0.908006%)
positive: 79471.9
negative: -45888.1
===================================================
===================================================
iteration with 500000 shots
integral: 0.0686258 +/- 0.000610404   (0.889466%)
positive: 79940.9
negative: -45628
===================================================
***************************************************
integral: 0.0678961 +/- 0.000431438   (0.635438%)
chi^2/iteration: 2.85584 based on 2 iterations
***************************************************
===================================================
iteration with 500000 shots
integral: 0.0679759 +/- 0.000606616   (0.892399%)
positive: 79428.7
negative: -45440.8
===================================================
***************************************************
integral: 0.0679229 +/- 0.000351584   (0.517622%)
chi^2/iteration: 1.43366 based on 3 iterations
***************************************************
===================================================
iteration with 500000 shots
integral: 0.0670751 +/- 0.000609105   (0.908094%)
positive: 79457.3
negative: -45919.8
===================================================
***************************************************
integral: 0.067711 +/- 0.000304499   (0.449703%)
chi^2/iteration: 1.44021 based on 4 iterations
***************************************************
===================================================
iteration with 500000 shots
integral: 0.0671541 +/- 0.000610363   (0.908899%)
positive: 79545.5
negative: -45968.4
===================================================
***************************************************
integral: 0.0676 +/- 0.000272474   (0.403067%)
chi^2/iteration: 1.2468 based on 5 iterations
***************************************************
[INFO] int5D(Dvegas): [1]  6.760004e-02 ± 2.724738e-04 (0.403%) chi2/it: 1.247
6.350462e-02	6.760004e-02	-4.095425e-03	-6.449019e-02
Thanks for using LHAPDF 6.1.6. Please make sure to cite the paper:
  Eur.Phys.J. C75 (2015) 3, 132  (http://arxiv.org/abs/1412.7420)
Press ENTER to continue...

###########
omega = 1.2
LHAPDF 6.1.6 loading /usr/local/share/LHAPDF/MSTW2008nlo90cl/MSTW2008nlo90cl_0000.dat
MSTW2008nlo90cl PDF set, member #0, version 3; LHAPDF ID = 21150
LHAPDF 6.1.6 loading /usr/local/share/LHAPDF/MSTW2008nlo90cl/MSTW2008nlo90cl_0000.dat
MSTW2008nlo90cl PDF set, member #0, version 3; LHAPDF ID = 21150
===================================================
iteration with 500000 shots
integral: 0.0674914 +/- 0.000928156   (1.37522%)
positive: 80147.9
negative: -46402.2
===================================================
===================================================
iteration with 500000 shots
integral: 0.0683012 +/- 0.000651235   (0.953474%)
positive: 80052.6
negative: -45902
===================================================
***************************************************
integral: 0.0680341 +/- 0.0005331   (0.783578%)
chi^2/iteration: 0.510123 based on 2 iterations
***************************************************
===================================================
iteration with 500000 shots
integral: 0.0674898 +/- 0.000621798   (0.921321%)
positive: 79857.4
negative: -46112.5
===================================================
***************************************************
integral: 0.0678035 +/- 0.000404718   (0.596898%)
chi^2/iteration: 0.475865 based on 3 iterations
***************************************************
===================================================
iteration with 500000 shots
integral: 0.0681649 +/- 0.000612153   (0.898048%)
positive: 79965.1
negative: -45882.6
===================================================
***************************************************
integral: 0.0679134 +/- 0.000337605   (0.49711%)
chi^2/iteration: 0.398092 based on 4 iterations
***************************************************
===================================================
iteration with 500000 shots
integral: 0.0684457 +/- 0.000613172   (0.895851%)
positive: 80305.3
negative: -46082.5
===================================================
***************************************************
integral: 0.0680372 +/- 0.000295741   (0.434675%)
chi^2/iteration: 0.443145 based on 5 iterations
***************************************************
===================================================
iteration with 500000 shots
integral: 0.0672225 +/- 0.000610804   (0.908631%)
positive: 79854.4
negative: -46243.2
===================================================
===================================================
iteration with 500000 shots
integral: 0.0685727 +/- 0.00061009   (0.889698%)
positive: 80253.3
negative: -45967
===================================================
***************************************************
integral: 0.0678984 +/- 0.000431651   (0.635731%)
chi^2/iteration: 2.44601 based on 2 iterations
***************************************************
===================================================
iteration with 500000 shots
integral: 0.0680586 +/- 0.000607079   (0.891994%)
positive: 79822.6
negative: -45793.3
===================================================
***************************************************
integral: 0.0679522 +/- 0.00035179   (0.517702%)
chi^2/iteration: 1.24613 based on 3 iterations
***************************************************
===================================================
iteration with 500000 shots
integral: 0.0672489 +/- 0.000610616   (0.907994%)
positive: 79906.8
negative: -46282.3
===================================================
***************************************************
integral: 0.0677769 +/- 0.000304821   (0.449741%)
chi^2/iteration: 1.16271 based on 4 iterations
***************************************************
===================================================
iteration with 500000 shots
integral: 0.0671654 +/- 0.000610822   (0.909429%)
positive: 79923.8
negative: -46341.1
===================================================
***************************************************
integral: 0.067655 +/- 0.000272745   (0.403141%)
chi^2/iteration: 1.07266 based on 5 iterations
***************************************************
[INFO] int5D(Dvegas): [1]  6.765499e-02 ± 2.727453e-04 (0.403%) chi2/it: 1.073
6.350462e-02	6.765499e-02	-4.150372e-03	-6.535544e-02
Thanks for using LHAPDF 6.1.6. Please make sure to cite the paper:
  Eur.Phys.J. C75 (2015) 3, 132  (http://arxiv.org/abs/1412.7420)
Press ENTER to continue...


