Script started on Fr 07 Apr 2017 16:29:24 CEST
]0;Felix@FHe15: ~/Physik/PhDFelix@FHe15:~/Physik/PhD$ ./py/NPB392-229.py 
[INFO] Computing files for NPB392-229 with MorfinTungB ...
LHAPDF 6.1.6 loading /usr/local/share/LHAPDF/MorfinTungB/MorfinTungB_0000.dat
MorfinTungB PDF set, member #0, version 1
LHAPDF 6.1.6 loading /usr/local/share/LHAPDF/MorfinTungB/MorfinTungB_0000.dat
LHAPDF 6.1.6 loading /usr/local/share/LHAPDF/MorfinTungB/MorfinTungB_0000.dat
LHAPDF 6.1.6 loading /usr/local/share/LHAPDF/MorfinTungB/MorfinTungB_0000.dat
LHAPDF 6.1.6 loading /usr/local/share/LHAPDF/MorfinTungB/MorfinTungB_0000.dat
LHAPDF 6.1.6 loading /usr/local/share/LHAPDF/MorfinTungB/MorfinTungB_0000.dat
LHAPDF 6.1.6 loading /usr/local/share/LHAPDF/MorfinTungB/MorfinTungB_0000.dat
MorfinTungB PDF set, member #0, version 1
MorfinTungB PDF set, member #0, version 1
MorfinTungB PDF set, member #0, version 1
MorfinTungB PDF set, member #0, version 1
MorfinTungB PDF set, member #0, version 1
MorfinTungB PDF set, member #0, version 1
LHAPDF 6.1.6 loading /usr/local/share/LHAPDF/MorfinTungB/MorfinTungB_0000.dat
MorfinTungB PDF set, member #0, version 1
[INFO] int5D(Dvegas): [0]  2.335094e-02 ± 4.527260e-06 (0.019%) chi2/it: 0.521
[92m[SUCC][0m proj = G, n = 0, bjorkenX = 0.01
LHAPDF 6.1.6 loading /usr/local/share/LHAPDF/MorfinTungB/MorfinTungB_0000.dat
MorfinTungB PDF set, member #0, version 1
[INFO] int5D(Dvegas): [0]  1.231517e-01 ± 2.723358e-05 (0.022%) chi2/it: 0.785
[92m[SUCC][0m proj = G, n = 0, bjorkenX = 0.0001
LHAPDF 6.1.6 loading /usr/local/share/LHAPDF/MorfinTungB/MorfinTungB_0000.dat
MorfinTungB PDF set, member #0, version 1
[INFO] int5D(Dvegas): [0]  6.571263e-02 ± 1.431441e-05 (0.022%) chi2/it: 0.737
[92m[SUCC][0m proj = G, n = 0, bjorkenX = 0.001
LHAPDF 6.1.6 loading /usr/local/share/LHAPDF/MorfinTungB/MorfinTungB_0000.dat
MorfinTungB PDF set, member #0, version 1
[INFO] int5D(Dvegas): [1]  2.339794e-04 ± 2.002346e-08 (0.009%) chi2/it: 1.054
[92m[SUCC][0m proj = L, n = 0, bjorkenX = 0.1
LHAPDF 6.1.6 loading /usr/local/share/LHAPDF/MorfinTungB/MorfinTungB_0000.dat
MorfinTungB PDF set, member #0, version 1
[INFO] int5D(Dvegas): [1]  4.669587e-03 ± 4.417681e-07 (0.009%) chi2/it: 1.149
[92m[SUCC][0m proj = L, n = 0, bjorkenX = 0.01
LHAPDF 6.1.6 loading /usr/local/share/LHAPDF/MorfinTungB/MorfinTungB_0000.dat
MorfinTungB PDF set, member #0, version 1
[INFO] int5D(Dvegas): [2]  1.128648e-03 ± 1.605767e-07 (0.014%) chi2/it: 0.985
[92m[SUCC][0m proj = G, n = 0, bjorkenX = 0.1
LHAPDF 6.1.6 loading /usr/local/share/LHAPDF/MorfinTungB/MorfinTungB_0000.dat
MorfinTungB PDF set, member #0, version 1
[INFO] int5D(Dvegas): [0]  1.165759e-02 ± 1.123561e-06 (0.010%) chi2/it: 0.578
[92m[SUCC][0m proj = L, n = 0, bjorkenX = 0.001
LHAPDF 6.1.6 loading /usr/local/share/LHAPDF/MorfinTungB/MorfinTungB_0000.dat
MorfinTungB PDF set, member #0, version 1
[INFO] int5D(Dvegas): [1]  2.080830e-02 ± 1.766318e-06 (0.008%) chi2/it: 0.994
[92m[SUCC][0m proj = L, n = 0, bjorkenX = 0.0001
LHAPDF 6.1.6 loading /usr/local/share/LHAPDF/MorfinTungB/MorfinTungB_0000.dat
MorfinTungB PDF set, member #0, version 1
[INFO] int5D(Dvegas): [0]  1.919224e-02 ± 3.523391e-05 (0.184%) chi2/it: 0.594
[92m[SUCC][0m proj = L, n = 1, bjorkenX = 0.0001
[INFO] int5D(Dvegas): [0]  1.197804e-02 ± 1.399812e-05 (0.117%) chi2/it: 0.905
[92m[SUCC][0m proj = L, n = 1, bjorkenX = 0.001
[INFO] int5D(Dvegas): [0]  6.157712e-02 ± 6.807875e-05 (0.111%) chi2/it: 0.857
[92m[SUCC][0m proj = G, n = 1, bjorkenX = 0.001
[INFO] int5D(Dvegas): [0]  2.573912e-02 ± 1.784480e-05 (0.069%) chi2/it: 1.343
[92m[SUCC][0m proj = G, n = 1, bjorkenX = 0.01
[INFO] int5D(Dvegas): [0]  1.701305e-03 ± 6.840505e-07 (0.040%) chi2/it: 1.034
[92m[SUCC][0m proj = G, n = 1, bjorkenX = 0.1
[INFO] int5D(Dvegas): [1]  1.044209e-01 ± 1.647044e-04 (0.158%) chi2/it: 1.028
[92m[SUCC][0m proj = G, n = 1, bjorkenX = 0.0001
[INFO] int5D(Dvegas): [1]  5.679164e-03 ± 3.744545e-06 (0.066%) chi2/it: 0.960
[92m[SUCC][0m proj = L, n = 1, bjorkenX = 0.01
[INFO] int5D(Dvegas): [1]  3.970273e-04 ± 1.478536e-07 (0.037%) chi2/it: 0.797
[92m[SUCC][0m proj = L, n = 1, bjorkenX = 0.1

]0;Felix@FHe15: ~/Physik/PhDFelix@FHe15:~/Physik/PhD$ exit

Script done on Fr 07 Apr 2017 19:09:10 CEST
