Felix@FHe15:~/Physik/PhD$ ./py/PLB353-535.py 
LHAPDF 6.1.6 loading /usr/local/share/LHAPDF/cteq66/cteq66_0000.dat
LHAPDF 6.1.6 loading /usr/local/share/LHAPDF/cteq66/cteq66_0000.dat
LHAPDF 6.1.6 loading /usr/local/share/LHAPDF/cteq66/cteq66_0000.dat
LHAPDF 6.1.6 loading /usr/local/share/LHAPDF/cteq66/cteq66_0000.dat
cteq66 PDF set, member #0, version 1; LHAPDF ID = 10550
cteq66 PDF set, member #0, version 1; LHAPDF ID = 10550
LHAPDF 6.1.6 loading /usr/local/share/LHAPDF/cteq66/cteq66_0000.dat
cteq66 PDF set, member #0, version 1; LHAPDF ID = 10550
LHAPDF 6.1.6 loading /usr/local/share/LHAPDF/cteq66/cteq66_0000.dat
cteq66 PDF set, member #0, version 1; LHAPDF ID = 10550
cteq66 PDF set, member #0, version 1; LHAPDF ID = 10550
LHAPDF 6.1.6 loading /usr/local/share/LHAPDF/cteq66/cteq66_0000.dat
cteq66 PDF set, member #0, version 1; LHAPDF ID = 10550
cteq66 PDF set, member #0, version 1; LHAPDF ID = 10550
LHAPDF 6.1.6 loading /usr/local/share/LHAPDF/cteq66/cteq66_0000.dat
cteq66 PDF set, member #0, version 1; LHAPDF ID = 10550
[INFO] int5D(Dvegas): [0]  1.621013e-01 ± 3.454295e-05 (0.021%) chi2/it: 0.744
[SUCC] /home/Felix/Physik/PhD/data/PLB353-535-cteq66/FGc_x-85_q2-250_0.dat
LHAPDF 6.1.6 loading /usr/local/share/LHAPDF/cteq66/cteq66_0000.dat
cteq66 PDF set, member #0, version 1; LHAPDF ID = 10550
[INFO] int5D(Dvegas): [0]  8.214294e-02 ± 1.641949e-05 (0.020%) chi2/it: 0.510
[SUCC] /home/Felix/Physik/PhD/data/PLB353-535-cteq66/FGc_x-85_q2-85_0.dat
LHAPDF 6.1.6 loading /usr/local/share/LHAPDF/cteq66/cteq66_0000.dat
cteq66 PDF set, member #0, version 1; LHAPDF ID = 10550
[INFO] int5D(Dvegas): [0]  1.052410e-01 ± 2.135946e-05 (0.020%) chi2/it: 0.570
[SUCC] /home/Felix/Physik/PhD/data/PLB353-535-cteq66/FGc_x-85_q2-120_0.dat
LHAPDF 6.1.6 loading /usr/local/share/LHAPDF/cteq66/cteq66_0000.dat
cteq66 PDF set, member #0, version 1; LHAPDF ID = 10550
[INFO] int5D(Dvegas): [0]  2.243974e-01 ± 5.128457e-05 (0.023%) chi2/it: 0.886
[SUCC] /home/Felix/Physik/PhD/data/PLB353-535-cteq66/FGc_x-85_q2-500_0.dat
LHAPDF 6.1.6 loading /usr/local/share/LHAPDF/cteq66/cteq66_0000.dat
cteq66 PDF set, member #0, version 1; LHAPDF ID = 10550
[INFO] int5D(Dvegas): [2]  1.329072e-02 ± 1.444914e-06 (0.011%) chi2/it: 0.999
[SUCC] /home/Felix/Physik/PhD/data/PLB353-535-cteq66/FLc_x-85_q2-85_0.dat
LHAPDF 6.1.6 loading /usr/local/share/LHAPDF/cteq66/cteq66_0000.dat
cteq66 PDF set, member #0, version 1; LHAPDF ID = 10550
[INFO] int5D(Dvegas): [2]  2.056058e-02 ± 2.238251e-06 (0.011%) chi2/it: 1.016
[SUCC] /home/Felix/Physik/PhD/data/PLB353-535-cteq66/FLc_x-85_q2-120_0.dat
LHAPDF 6.1.6 loading /usr/local/share/LHAPDF/cteq66/cteq66_0000.dat
cteq66 PDF set, member #0, version 1; LHAPDF ID = 10550
[INFO] int5D(Dvegas): [1]  4.224922e-02 ± 4.474004e-06 (0.011%) chi2/it: 0.544
[SUCC] /home/Felix/Physik/PhD/data/PLB353-535-cteq66/FLc_x-85_q2-250_0.dat
LHAPDF 6.1.6 loading /usr/local/share/LHAPDF/cteq66/cteq66_0000.dat
cteq66 PDF set, member #0, version 1; LHAPDF ID = 10550
[INFO] int5D(Dvegas): [0]  6.671708e-02 ± 7.045824e-06 (0.011%) chi2/it: 0.936
[SUCC] /home/Felix/Physik/PhD/data/PLB353-535-cteq66/FLc_x-85_q2-500_0.dat
LHAPDF 6.1.6 loading /usr/local/share/LHAPDF/cteq66/cteq66_0000.dat
cteq66 PDF set, member #0, version 1; LHAPDF ID = 10550
[INFO] int5D(Dvegas): [0]  2.041694e-01 ± 1.251436e-03 (0.613%) chi2/it: 0.664
[SUCC] /home/Felix/Physik/PhD/data/PLB353-535-cteq66/FGc_x-85_q2-500_1.dat
LHAPDF 6.1.6 loading /usr/local/share/LHAPDF/cteq66/cteq66_0000.dat
cteq66 PDF set, member #0, version 1; LHAPDF ID = 10550
[INFO] int5D(Dvegas): [0]  1.487753e-01 ± 8.649930e-04 (0.581%) chi2/it: 0.630
[SUCC] /home/Felix/Physik/PhD/data/PLB353-535-cteq66/FGc_x-85_q2-250_1.dat
LHAPDF 6.1.6 loading /usr/local/share/LHAPDF/cteq66/cteq66_0000.dat
cteq66 PDF set, member #0, version 1; LHAPDF ID = 10550
[INFO] int5D(Dvegas): [0]  1.410552e-02 ± 7.917874e-05 (0.561%) chi2/it: 0.543
[SUCC] /home/Felix/Physik/PhD/data/PLB353-535-cteq66/FLc_x-85_q2-85_1.dat
LHAPDF 6.1.6 loading /usr/local/share/LHAPDF/cteq66/cteq66_0000.dat
cteq66 PDF set, member #0, version 1; LHAPDF ID = 10550
[INFO] int5D(Dvegas): [0]  8.211547e-02 ± 1.623556e-05 (0.020%) chi2/it: 0.550
[SUCC] /home/Felix/Physik/PhD/data/PLB353-535-cteq66/FGc_x-160_q2-120_0.dat
LHAPDF 6.1.6 loading /usr/local/share/LHAPDF/cteq66/cteq66_0000.dat
cteq66 PDF set, member #0, version 1; LHAPDF ID = 10550
[INFO] int5D(Dvegas): [1]  1.346329e-01 ± 2.805313e-05 (0.021%) chi2/it: 1.046
[SUCC] /home/Felix/Physik/PhD/data/PLB353-535-cteq66/FGc_x-42_q2-120_0.dat
LHAPDF 6.1.6 loading /usr/local/share/LHAPDF/cteq66/cteq66_0000.dat
cteq66 PDF set, member #0, version 1; LHAPDF ID = 10550
[INFO] int5D(Dvegas): [0]  6.497878e-02 ± 1.248067e-05 (0.019%) chi2/it: 0.814
[SUCC] /home/Felix/Physik/PhD/data/PLB353-535-cteq66/FGc_x-270_q2-120_0.dat
LHAPDF 6.1.6 loading /usr/local/share/LHAPDF/cteq66/cteq66_0000.dat
cteq66 PDF set, member #0, version 1; LHAPDF ID = 10550
[INFO] int5D(Dvegas): [1]  9.778443e-02 ± 4.551036e-04 (0.465%) chi2/it: 0.578
[SUCC] /home/Felix/Physik/PhD/data/PLB353-535-cteq66/FGc_x-85_q2-120_1.dat
LHAPDF 6.1.6 loading /usr/local/share/LHAPDF/cteq66/cteq66_0000.dat
cteq66 PDF set, member #0, version 1; LHAPDF ID = 10550
[INFO] int5D(Dvegas): [0]  2.572006e-02 ± 2.766911e-06 (0.011%) chi2/it: 0.602
[SUCC] /home/Felix/Physik/PhD/data/PLB353-535-cteq66/FLc_x-42_q2-120_0.dat
LHAPDF 6.1.6 loading /usr/local/share/LHAPDF/cteq66/cteq66_0000.dat
cteq66 PDF set, member #0, version 1; LHAPDF ID = 10550
[INFO] int5D(Dvegas): [0]  7.827887e-02 ± 3.853743e-04 (0.492%) chi2/it: 1.151
[SUCC] /home/Felix/Physik/PhD/data/PLB353-535-cteq66/FGc_x-160_q2-120_1.dat
LHAPDF 6.1.6 loading /usr/local/share/LHAPDF/cteq66/cteq66_0000.dat
cteq66 PDF set, member #0, version 1; LHAPDF ID = 10550
[INFO] int5D(Dvegas): [1]  4.224708e-02 ± 2.062823e-04 (0.488%) chi2/it: 0.505
[SUCC] /home/Felix/Physik/PhD/data/PLB353-535-cteq66/FLc_x-85_q2-250_1.dat
LHAPDF 6.1.6 loading /usr/local/share/LHAPDF/cteq66/cteq66_0000.dat
cteq66 PDF set, member #0, version 1; LHAPDF ID = 10550
[INFO] int5D(Dvegas): [1]  1.648418e-02 ± 1.750340e-06 (0.011%) chi2/it: 0.600
[SUCC] /home/Felix/Physik/PhD/data/PLB353-535-cteq66/FLc_x-160_q2-120_0.dat
LHAPDF 6.1.6 loading /usr/local/share/LHAPDF/cteq66/cteq66_0000.dat
cteq66 PDF set, member #0, version 1; LHAPDF ID = 10550
[INFO] int5D(Dvegas): [1]  1.342590e-02 ± 1.431275e-06 (0.011%) chi2/it: 1.196
[SUCC] /home/Felix/Physik/PhD/data/PLB353-535-cteq66/FLc_x-270_q2-120_0.dat
LHAPDF 6.1.6 loading /usr/local/share/LHAPDF/cteq66/cteq66_0000.dat
cteq66 PDF set, member #0, version 1; LHAPDF ID = 10550
[INFO] int5D(Dvegas): [2]  2.144764e-02 ± 9.998398e-05 (0.466%) chi2/it: 1.236
[SUCC] /home/Felix/Physik/PhD/data/PLB353-535-cteq66/FLc_x-85_q2-120_1.dat
LHAPDF 6.1.6 loading /usr/local/share/LHAPDF/cteq66/cteq66_0000.dat
cteq66 PDF set, member #0, version 1; LHAPDF ID = 10550
[INFO] int5D(Dvegas): [2]  7.724974e-02 ± 3.467551e-04 (0.449%) chi2/it: 0.614
[SUCC] /home/Felix/Physik/PhD/data/PLB353-535-cteq66/FGc_x-85_q2-85_1.dat
LHAPDF 6.1.6 loading /usr/local/share/LHAPDF/cteq66/cteq66_0000.dat
cteq66 PDF set, member #0, version 1; LHAPDF ID = 10550
[INFO] int5D(Dvegas): [0]  1.485827e-03 ± 2.463753e-07 (0.017%) chi2/it: 1.025
[SUCC] /home/Felix/Physik/PhD/data/PLB353-535-cteq66/FGb_x-85_q2-85_0.dat
LHAPDF 6.1.6 loading /usr/local/share/LHAPDF/cteq66/cteq66_0000.dat
cteq66 PDF set, member #0, version 1; LHAPDF ID = 10550
[INFO] int5D(Dvegas): [0]  2.414329e-03 ± 4.161612e-07 (0.017%) chi2/it: 0.852
[SUCC] /home/Felix/Physik/PhD/data/PLB353-535-cteq66/FGb_x-85_q2-120_0.dat
LHAPDF 6.1.6 loading /usr/local/share/LHAPDF/cteq66/cteq66_0000.dat
cteq66 PDF set, member #0, version 1; LHAPDF ID = 10550
[INFO] int5D(Dvegas): [2]  6.513709e-02 ± 3.250806e-04 (0.499%) chi2/it: 1.162
[SUCC] /home/Felix/Physik/PhD/data/PLB353-535-cteq66/FLc_x-85_q2-500_1.dat
LHAPDF 6.1.6 loading /usr/local/share/LHAPDF/cteq66/cteq66_0000.dat
cteq66 PDF set, member #0, version 1; LHAPDF ID = 10550
[INFO] int5D(Dvegas): [2]  6.079296e-03 ± 1.107214e-06 (0.018%) chi2/it: 1.454
[SUCC] /home/Felix/Physik/PhD/data/PLB353-535-cteq66/FGb_x-85_q2-250_0.dat
LHAPDF 6.1.6 loading /usr/local/share/LHAPDF/cteq66/cteq66_0000.dat
cteq66 PDF set, member #0, version 1; LHAPDF ID = 10550
[INFO] int5D(Dvegas): [2]  1.228965e-01 ± 6.295024e-04 (0.512%) chi2/it: 0.978
[SUCC] /home/Felix/Physik/PhD/data/PLB353-535-cteq66/FGc_x-42_q2-120_1.dat
LHAPDF 6.1.6 loading /usr/local/share/LHAPDF/cteq66/cteq66_0000.dat
cteq66 PDF set, member #0, version 1; LHAPDF ID = 10550
[INFO] int5D(Dvegas): [0]  1.262942e-02 ± 2.405007e-06 (0.019%) chi2/it: 1.140
[SUCC] /home/Felix/Physik/PhD/data/PLB353-535-cteq66/FGb_x-85_q2-500_0.dat
LHAPDF 6.1.6 loading /usr/local/share/LHAPDF/cteq66/cteq66_0000.dat
cteq66 PDF set, member #0, version 1; LHAPDF ID = 10550
[INFO] int5D(Dvegas): [1]  1.746650e-02 ± 7.301484e-05 (0.418%) chi2/it: 1.120
[SUCC] /home/Felix/Physik/PhD/data/PLB353-535-cteq66/FLc_x-160_q2-120_1.dat
LHAPDF 6.1.6 loading /usr/local/share/LHAPDF/cteq66/cteq66_0000.dat
cteq66 PDF set, member #0, version 1; LHAPDF ID = 10550
[INFO] int5D(Dvegas): [0]  4.040333e-05 ± 4.222169e-09 (0.010%) chi2/it: 1.007
[SUCC] /home/Felix/Physik/PhD/data/PLB353-535-cteq66/FLb_x-85_q2-85_0.dat
LHAPDF 6.1.6 loading /usr/local/share/LHAPDF/cteq66/cteq66_0000.dat
cteq66 PDF set, member #0, version 1; LHAPDF ID = 10550
[INFO] int5D(Dvegas): [2]  2.651957e-02 ± 1.388748e-04 (0.524%) chi2/it: 0.715
[SUCC] /home/Felix/Physik/PhD/data/PLB353-535-cteq66/FLc_x-42_q2-120_1.dat
LHAPDF 6.1.6 loading /usr/local/share/LHAPDF/cteq66/cteq66_0000.dat
cteq66 PDF set, member #0, version 1; LHAPDF ID = 10550
[INFO] int5D(Dvegas): [0]  8.917023e-05 ± 9.411926e-09 (0.011%) chi2/it: 0.826
[SUCC] /home/Felix/Physik/PhD/data/PLB353-535-cteq66/FLb_x-85_q2-120_0.dat
LHAPDF 6.1.6 loading /usr/local/share/LHAPDF/cteq66/cteq66_0000.dat
cteq66 PDF set, member #0, version 1; LHAPDF ID = 10550
[INFO] int5D(Dvegas): [3]  6.356417e-02 ± 2.442221e-04 (0.384%) chi2/it: 1.301
[SUCC] /home/Felix/Physik/PhD/data/PLB353-535-cteq66/FGc_x-270_q2-120_1.dat
LHAPDF 6.1.6 loading /usr/local/share/LHAPDF/cteq66/cteq66_0000.dat
cteq66 PDF set, member #0, version 1; LHAPDF ID = 10550
[INFO] int5D(Dvegas): [1]  2.639872e-03 ± 7.108393e-06 (0.269%) chi2/it: 1.465
[SUCC] /home/Felix/Physik/PhD/data/PLB353-535-cteq66/FGb_x-85_q2-120_1.dat
LHAPDF 6.1.6 loading /usr/local/share/LHAPDF/cteq66/cteq66_0000.dat
cteq66 PDF set, member #0, version 1; LHAPDF ID = 10550
[INFO] int5D(Dvegas): [0]  4.206417e-04 ± 4.448968e-08 (0.011%) chi2/it: 0.885
[SUCC] /home/Felix/Physik/PhD/data/PLB353-535-cteq66/FLb_x-85_q2-250_0.dat
LHAPDF 6.1.6 loading /usr/local/share/LHAPDF/cteq66/cteq66_0000.dat
cteq66 PDF set, member #0, version 1; LHAPDF ID = 10550
[INFO] int5D(Dvegas): [1]  1.494906e-03 ± 1.566154e-07 (0.010%) chi2/it: 0.836
[SUCC] /home/Felix/Physik/PhD/data/PLB353-535-cteq66/FLb_x-85_q2-500_0.dat
LHAPDF 6.1.6 loading /usr/local/share/LHAPDF/cteq66/cteq66_0000.dat
cteq66 PDF set, member #0, version 1; LHAPDF ID = 10550
[INFO] int5D(Dvegas): [1]  6.591996e-03 ± 1.891203e-05 (0.287%) chi2/it: 0.890
[SUCC] /home/Felix/Physik/PhD/data/PLB353-535-cteq66/FGb_x-85_q2-250_1.dat
LHAPDF 6.1.6 loading /usr/local/share/LHAPDF/cteq66/cteq66_0000.dat
cteq66 PDF set, member #0, version 1; LHAPDF ID = 10550
[INFO] int5D(Dvegas): [2]  3.488444e-03 ± 6.412765e-07 (0.018%) chi2/it: 0.775
[SUCC] /home/Felix/Physik/PhD/data/PLB353-535-cteq66/FGb_x-42_q2-120_0.dat
LHAPDF 6.1.6 loading /usr/local/share/LHAPDF/cteq66/cteq66_0000.dat
cteq66 PDF set, member #0, version 1; LHAPDF ID = 10550
[INFO] int5D(Dvegas): [1]  5.789853e-05 ± 1.379100e-07 (0.238%) chi2/it: 0.784
[SUCC] /home/Felix/Physik/PhD/data/PLB353-535-cteq66/FLb_x-85_q2-85_1.dat
LHAPDF 6.1.6 loading /usr/local/share/LHAPDF/cteq66/cteq66_0000.dat
cteq66 PDF set, member #0, version 1; LHAPDF ID = 10550
[INFO] int5D(Dvegas): [0]  5.364068e-04 ± 1.891556e-06 (0.353%) chi2/it: 0.535
[SUCC] /home/Felix/Physik/PhD/data/PLB353-535-cteq66/FLb_x-85_q2-250_1.dat
LHAPDF 6.1.6 loading /usr/local/share/LHAPDF/cteq66/cteq66_0000.dat
cteq66 PDF set, member #0, version 1; LHAPDF ID = 10550
[INFO] int5D(Dvegas): [3]  1.456833e-02 ± 5.452983e-05 (0.374%) chi2/it: 0.765
[SUCC] /home/Felix/Physik/PhD/data/PLB353-535-cteq66/FLc_x-270_q2-120_1.dat
LHAPDF 6.1.6 loading /usr/local/share/LHAPDF/cteq66/cteq66_0000.dat
cteq66 PDF set, member #0, version 1; LHAPDF ID = 10550
[INFO] int5D(Dvegas): [1]  1.612428e-03 ± 2.553229e-07 (0.016%) chi2/it: 1.098
[SUCC] /home/Felix/Physik/PhD/data/PLB353-535-cteq66/FGb_x-160_q2-120_0.dat
LHAPDF 6.1.6 loading /usr/local/share/LHAPDF/cteq66/cteq66_0000.dat
cteq66 PDF set, member #0, version 1; LHAPDF ID = 10550
[INFO] int5D(Dvegas): [0]  1.068784e-03 ± 1.593224e-07 (0.015%) chi2/it: 1.339
[SUCC] /home/Felix/Physik/PhD/data/PLB353-535-cteq66/FGb_x-270_q2-120_0.dat
LHAPDF 6.1.6 loading /usr/local/share/LHAPDF/cteq66/cteq66_0000.dat
cteq66 PDF set, member #0, version 1; LHAPDF ID = 10550
[INFO] int5D(Dvegas): [0]  1.826259e-03 ± 6.415838e-06 (0.351%) chi2/it: 0.856
[SUCC] /home/Felix/Physik/PhD/data/PLB353-535-cteq66/FLb_x-85_q2-500_1.dat
LHAPDF 6.1.6 loading /usr/local/share/LHAPDF/cteq66/cteq66_0000.dat
cteq66 PDF set, member #0, version 1; LHAPDF ID = 10550
[INFO] int5D(Dvegas): [3]  1.243842e-04 ± 1.416848e-08 (0.011%) chi2/it: 1.058
[SUCC] /home/Felix/Physik/PhD/data/PLB353-535-cteq66/FLb_x-42_q2-120_0.dat
LHAPDF 6.1.6 loading /usr/local/share/LHAPDF/cteq66/cteq66_0000.dat
cteq66 PDF set, member #0, version 1; LHAPDF ID = 10550
[INFO] int5D(Dvegas): [0]  6.176089e-05 ± 6.413506e-09 (0.010%) chi2/it: 1.282
[SUCC] /home/Felix/Physik/PhD/data/PLB353-535-cteq66/FLb_x-160_q2-120_0.dat
LHAPDF 6.1.6 loading /usr/local/share/LHAPDF/cteq66/cteq66_0000.dat
cteq66 PDF set, member #0, version 1; LHAPDF ID = 10550
[INFO] int5D(Dvegas): [0]  1.197714e-03 ± 3.187428e-06 (0.266%) chi2/it: 0.589
[SUCC] /home/Felix/Physik/PhD/data/PLB353-535-cteq66/FGb_x-270_q2-120_1.dat
LHAPDF 6.1.6 loading /usr/local/share/LHAPDF/cteq66/cteq66_0000.dat
cteq66 PDF set, member #0, version 1; LHAPDF ID = 10550
[INFO] int5D(Dvegas): [2]  4.217664e-05 ± 4.475355e-09 (0.011%) chi2/it: 0.568
[SUCC] /home/Felix/Physik/PhD/data/PLB353-535-cteq66/FLb_x-270_q2-120_0.dat
LHAPDF 6.1.6 loading /usr/local/share/LHAPDF/cteq66/cteq66_0000.dat
cteq66 PDF set, member #0, version 1; LHAPDF ID = 10550
[INFO] int5D(Dvegas): [0]  8.606377e-05 ± 2.642173e-07 (0.307%) chi2/it: 1.031
[SUCC] /home/Felix/Physik/PhD/data/PLB353-535-cteq66/FLb_x-160_q2-120_1.dat
[INFO] int5D(Dvegas): [2]  1.215297e-04 ± 3.100089e-07 (0.255%) chi2/it: 1.480
[SUCC] /home/Felix/Physik/PhD/data/PLB353-535-cteq66/FLb_x-85_q2-120_1.dat
[INFO] int5D(Dvegas): [4]  1.634176e-03 ± 4.240384e-06 (0.259%) chi2/it: 1.304
[SUCC] /home/Felix/Physik/PhD/data/PLB353-535-cteq66/FGb_x-85_q2-85_1.dat
[INFO] int5D(Dvegas): [3]  1.357590e-02 ± 4.137612e-05 (0.305%) chi2/it: 0.789
[SUCC] /home/Felix/Physik/PhD/data/PLB353-535-cteq66/FGb_x-85_q2-500_1.dat
[INFO] int5D(Dvegas): [1]  1.783148e-03 ± 4.414641e-06 (0.248%) chi2/it: 1.340
[SUCC] /home/Felix/Physik/PhD/data/PLB353-535-cteq66/FGb_x-160_q2-120_1.dat
[INFO] int5D(Dvegas): [1]  6.082137e-05 ± 1.270030e-07 (0.209%) chi2/it: 1.146
[SUCC] /home/Felix/Physik/PhD/data/PLB353-535-cteq66/FLb_x-270_q2-120_1.dat
[INFO] int5D(Dvegas): [4]  3.818162e-03 ± 1.115150e-05 (0.292%) chi2/it: 0.733
[SUCC] /home/Felix/Physik/PhD/data/PLB353-535-cteq66/FGb_x-42_q2-120_1.dat
[INFO] int5D(Dvegas): [4]  1.695241e-04 ± 4.847176e-07 (0.286%) chi2/it: 1.073
[SUCC] /home/Felix/Physik/PhD/data/PLB353-535-cteq66/FLb_x-42_q2-120_1.dat


