[INFO] m2 = 2.25, q2 = -10, proj = L
LHAPDF 6.1.6 loading /usr/local/share/LHAPDF/MSTW2008nlo90cl/MSTW2008nlo90cl_0000.dat
MSTW2008nlo90cl PDF set, member #0, version 3; LHAPDF ID = 21150
LHAPDF 6.1.6 loading /usr/local/share/LHAPDF/MSTW2008nlo90cl/MSTW2008nlo90cl_0000.dat
MSTW2008nlo90cl PDF set, member #0, version 3; LHAPDF ID = 21150
===================================================
iteration with 500000 shots
integral: 0.0243958 +/- 0.00187858   (7.70043%)
positive: 40011
negative: -27813.1
===================================================
===================================================
iteration with 500000 shots
integral: 0.0275998 +/- 0.000709726   (2.57149%)
positive: 41163.9
negative: -27364.1
===================================================
***************************************************
integral: 0.0271996 +/- 0.000663924   (2.44094%)
chi^2/iteration: 2.54553 based on 2 iterations
***************************************************
===================================================
iteration with 500000 shots
integral: 0.0268895 +/- 0.000469436   (1.7458%)
positive: 41065.7
negative: -27620.9
===================================================
***************************************************
integral: 0.0269928 +/- 0.000383301   (1.42001%)
chi^2/iteration: 1.34547 based on 3 iterations
***************************************************
===================================================
iteration with 500000 shots
integral: 0.0276811 +/- 0.000402503   (1.45407%)
positive: 41128.5
negative: -27288
===================================================
***************************************************
integral: 0.0273202 +/- 0.000277575   (1.01601%)
chi^2/iteration: 1.40815 based on 4 iterations
***************************************************
===================================================
iteration with 500000 shots
integral: 0.0272998 +/- 0.000385162   (1.41086%)
positive: 41078.1
negative: -27428.2
===================================================
***************************************************
integral: 0.0273132 +/- 0.00022519   (0.824473%)
chi^2/iteration: 1.05657 based on 5 iterations
***************************************************
[INFO] int5D(Dvegas): [0]  2.731321e-02 ± 2.251900e-04 (0.824%) chi2/it: 1.057
2.735433e-02	2.731321e-02	4.111183e-05	1.502937e-03
Thanks for using LHAPDF 6.1.6. Please make sure to cite the paper:
  Eur.Phys.J. C75 (2015) 3, 132  (http://arxiv.org/abs/1412.7420)
Press ENTER to continue...


