[INFO] m2 = 2.25, q2 = -10, proj = L
LHAPDF 6.1.6 loading /usr/local/share/LHAPDF/MSTW2008nlo90cl/MSTW2008nlo90cl_0000.dat
MSTW2008nlo90cl PDF set, member #0, version 3; LHAPDF ID = 21150
LHAPDF 6.1.6 loading /usr/local/share/LHAPDF/MSTW2008nlo90cl/MSTW2008nlo90cl_0000.dat
MSTW2008nlo90cl PDF set, member #0, version 3; LHAPDF ID = 21150
===================================================
iteration with 4000000 shots
integral: 0.0263481 +/- 0.000911711   (3.46025%)
positive: 329099
negative: -223707
===================================================
===================================================
iteration with 4000000 shots
integral: 0.0277205 +/- 0.000233372   (0.841874%)
positive: 329702
negative: -218820
===================================================
***************************************************
integral: 0.0276361 +/- 0.000226083   (0.818069%)
chi^2/iteration: 2.12652 based on 2 iterations
***************************************************
===================================================
iteration with 4000000 shots
integral: 0.027342 +/- 0.000147517   (0.539526%)
positive: 329158
negative: -219790
===================================================
***************************************************
integral: 0.0274298 +/- 0.000123544   (0.4504%)
chi^2/iteration: 1.65683 based on 3 iterations
***************************************************
===================================================
iteration with 4000000 shots
integral: 0.0272659 +/- 0.000135674   (0.497598%)
positive: 328328
negative: -219265
===================================================
***************************************************
integral: 0.0273555 +/- 9.13469e-05   (0.333925%)
chi^2/iteration: 1.37073 based on 4 iterations
***************************************************
===================================================
iteration with 4000000 shots
integral: 0.0275217 +/- 0.00013335   (0.484527%)
positive: 329182
negative: -219095
===================================================
***************************************************
integral: 0.0274086 +/- 7.5361e-05   (0.274954%)
chi^2/iteration: 1.29228 based on 5 iterations
***************************************************
===================================================
iteration with 4000000 shots
integral: 0.0274033 +/- 0.000132606   (0.483907%)
positive: 328369
negative: -218756
===================================================
***************************************************
integral: 0.0274073 +/- 6.55196e-05   (0.239059%)
chi^2/iteration: 1.03407 based on 6 iterations
***************************************************
===================================================
iteration with 4000000 shots
integral: 0.0272567 +/- 0.000132636   (0.486618%)
positive: 328295
negative: -219268
===================================================
***************************************************
integral: 0.0273777 +/- 5.87432e-05   (0.214566%)
chi^2/iteration: 1.0344 based on 7 iterations
***************************************************
===================================================
iteration with 4000000 shots
integral: 0.0273141 +/- 0.000132829   (0.486301%)
positive: 328362
negative: -219106
===================================================
***************************************************
integral: 0.0273673 +/- 5.3724e-05   (0.196307%)
chi^2/iteration: 0.914044 based on 8 iterations
***************************************************
===================================================
iteration with 4000000 shots
integral: 0.0273566 +/- 0.00013239   (0.483941%)
positive: 328330
negative: -218904
===================================================
***************************************************
integral: 0.0273658 +/- 4.97812e-05   (0.18191%)
chi^2/iteration: 0.800496 based on 9 iterations
***************************************************
===================================================
iteration with 4000000 shots
integral: 0.0272876 +/- 0.000132717   (0.486362%)
positive: 328459
negative: -219309
===================================================
***************************************************
integral: 0.0273562 +/- 4.66102e-05   (0.170383%)
chi^2/iteration: 0.745365 based on 10 iterations
***************************************************
[INFO] int5D(Dvegas): [0]  2.735616e-02 ± 4.661018e-05 (0.170%) chi2/it: 0.745
2.735433e-02	2.735616e-02	-1.836446e-06	-6.713550e-05
Thanks for using LHAPDF 6.1.6. Please make sure to cite the paper:
  Eur.Phys.J. C75 (2015) 3, 132  (http://arxiv.org/abs/1412.7420)
Press ENTER to continue...


