Felix@FHe15:~/Physik/PhD/py$ ./NPB392-229.py 
[INFO] Computing files for NPB392-229 with MSTW2008nlo90cl ...
LHAPDF 6.1.6 loading /usr/local/share/LHAPDF/MSTW2008nlo90cl/MSTW2008nlo90cl_0000.dat
LHAPDF 6.1.6 loading /usr/local/share/LHAPDF/MSTW2008nlo90cl/MSTW2008nlo90cl_0000.dat
LHAPDF 6.1.6 loading /usr/local/share/LHAPDF/MSTW2008nlo90cl/MSTW2008nlo90cl_0000.dat
MSTW2008nlo90cl PDF set, member #0, version 3; LHAPDF ID = 21150
MSTW2008nlo90cl PDF set, member #0, version 3; LHAPDF ID = 21150
LHAPDF 6.1.6 loading /usr/local/share/LHAPDF/MSTW2008nlo90cl/MSTW2008nlo90cl_0000.dat
MSTW2008nlo90cl PDF set, member #0, version 3; LHAPDF ID = 21150
LHAPDF 6.1.6 loading /usr/local/share/LHAPDF/MSTW2008nlo90cl/MSTW2008nlo90cl_0000.dat
LHAPDF 6.1.6 loading /usr/local/share/LHAPDF/MSTW2008nlo90cl/MSTW2008nlo90cl_0000.dat
MSTW2008nlo90cl PDF set, member #0, version 3; LHAPDF ID = 21150
MSTW2008nlo90cl PDF set, member #0, version 3; LHAPDF ID = 21150
MSTW2008nlo90cl PDF set, member #0, version 3; LHAPDF ID = 21150
LHAPDF 6.1.6 loading /usr/local/share/LHAPDF/MSTW2008nlo90cl/MSTW2008nlo90cl_0000.dat
MSTW2008nlo90cl PDF set, member #0, version 3; LHAPDF ID = 21150
LHAPDF 6.1.6 loading /usr/local/share/LHAPDF/MSTW2008nlo90cl/MSTW2008nlo90cl_0000.dat
MSTW2008nlo90cl PDF set, member #0, version 3; LHAPDF ID = 21150
[INFO] int5D(Dvegas): [0]  7.707401e-02 ± 1.658304e-05 (0.022%) chi2/it: 0.546
[SUCC] /home/Felix/Physik/PhD/data/NPB392-229-MSTW2008nlo90cl/dFGc_dpt_x-3_0.dat
LHAPDF 6.1.6 loading /usr/local/share/LHAPDF/MSTW2008nlo90cl/MSTW2008nlo90cl_0000.dat
MSTW2008nlo90cl PDF set, member #0, version 3; LHAPDF ID = 21150
[INFO] int5D(Dvegas): [2]  1.106655e-03 ± 2.261806e-07 (0.020%) chi2/it: 1.108
[SUCC] /home/Felix/Physik/PhD/data/NPB392-229-MSTW2008nlo90cl/dFGc_dpt_x-1_0.dat
LHAPDF 6.1.6 loading /usr/local/share/LHAPDF/MSTW2008nlo90cl/MSTW2008nlo90cl_0000.dat
MSTW2008nlo90cl PDF set, member #0, version 3; LHAPDF ID = 21150
[INFO] int5D(Dvegas): [1]  2.323686e-04 ± 3.232023e-08 (0.014%) chi2/it: 1.472
[SUCC] /home/Felix/Physik/PhD/data/NPB392-229-MSTW2008nlo90cl/dFLc_dpt_x-1_0.dat
LHAPDF 6.1.6 loading /usr/local/share/LHAPDF/MSTW2008nlo90cl/MSTW2008nlo90cl_0000.dat
MSTW2008nlo90cl PDF set, member #0, version 3; LHAPDF ID = 21150
[INFO] int5D(Dvegas): [4]  2.293624e-02 ± 5.295241e-06 (0.023%) chi2/it: 0.600
[SUCC] /home/Felix/Physik/PhD/data/NPB392-229-MSTW2008nlo90cl/dFGc_dpt_x-2_0.dat
LHAPDF 6.1.6 loading /usr/local/share/LHAPDF/MSTW2008nlo90cl/MSTW2008nlo90cl_0000.dat
MSTW2008nlo90cl PDF set, member #0, version 3; LHAPDF ID = 21150
[INFO] int5D(Dvegas): [3]  1.668182e-01 ± 3.348087e-05 (0.020%) chi2/it: 0.690
[SUCC] /home/Felix/Physik/PhD/data/NPB392-229-MSTW2008nlo90cl/dFGc_dpt_x-4_0.dat
LHAPDF 6.1.6 loading /usr/local/share/LHAPDF/MSTW2008nlo90cl/MSTW2008nlo90cl_0000.dat
MSTW2008nlo90cl PDF set, member #0, version 3; LHAPDF ID = 21150
[INFO] int5D(Dvegas): [0]  1.404155e-02 ± 1.547536e-06 (0.011%) chi2/it: 0.865
[SUCC] /home/Felix/Physik/PhD/data/NPB392-229-MSTW2008nlo90cl/dFLc_dpt_x-3_0.dat
LHAPDF 6.1.6 loading /usr/local/share/LHAPDF/MSTW2008nlo90cl/MSTW2008nlo90cl_0000.dat
MSTW2008nlo90cl PDF set, member #0, version 3; LHAPDF ID = 21150
[INFO] int5D(Dvegas): [4]  4.633952e-03 ± 9.348978e-07 (0.020%) chi2/it: 0.655
[SUCC] /home/Felix/Physik/PhD/data/NPB392-229-MSTW2008nlo90cl/dFLc_dpt_x-2_0.dat
LHAPDF 6.1.6 loading /usr/local/share/LHAPDF/MSTW2008nlo90cl/MSTW2008nlo90cl_0000.dat
MSTW2008nlo90cl PDF set, member #0, version 3; LHAPDF ID = 21150
[INFO] int5D(Dvegas): [0]  2.911905e-02 ± 2.801453e-06 (0.010%) chi2/it: 1.154
[SUCC] /home/Felix/Physik/PhD/data/NPB392-229-MSTW2008nlo90cl/dFLc_dpt_x-4_0.dat
LHAPDF 6.1.6 loading /usr/local/share/LHAPDF/MSTW2008nlo90cl/MSTW2008nlo90cl_0000.dat
MSTW2008nlo90cl PDF set, member #0, version 3; LHAPDF ID = 21150
[INFO] int5D(Dvegas): [0]  3.808283e-04 ± 7.116835e-07 (0.187%) chi2/it: 1.026
[SUCC] /home/Felix/Physik/PhD/data/NPB392-229-MSTW2008nlo90cl/dFLc_dpt_x-1_1.dat
[INFO] int5D(Dvegas): [0]  7.478375e-02 ± 2.974477e-04 (0.398%) chi2/it: 0.756
[SUCC] /home/Felix/Physik/PhD/data/NPB392-229-MSTW2008nlo90cl/dFGc_dpt_x-3_1.dat
[INFO] int5D(Dvegas): [0]  1.477442e-01 ± 8.457902e-04 (0.572%) chi2/it: 0.628
[SUCC] /home/Felix/Physik/PhD/data/NPB392-229-MSTW2008nlo90cl/dFGc_dpt_x-4_1.dat
[INFO] int5D(Dvegas): [0]  2.822379e-02 ± 1.988285e-04 (0.704%) chi2/it: 1.246
[SUCC] /home/Felix/Physik/PhD/data/NPB392-229-MSTW2008nlo90cl/dFLc_dpt_x-4_1.dat
[INFO] int5D(Dvegas): [1]  1.598103e-03 ± 2.541865e-06 (0.159%) chi2/it: 0.776
[SUCC] /home/Felix/Physik/PhD/data/NPB392-229-MSTW2008nlo90cl/dFGc_dpt_x-1_1.dat
[INFO] int5D(Dvegas): [2]  5.826450e-03 ± 1.312964e-05 (0.225%) chi2/it: 0.892
[SUCC] /home/Felix/Physik/PhD/data/NPB392-229-MSTW2008nlo90cl/dFLc_dpt_x-2_1.dat
[INFO] int5D(Dvegas): [2]  1.504520e-02 ± 5.305369e-05 (0.353%) chi2/it: 1.229
[SUCC] /home/Felix/Physik/PhD/data/NPB392-229-MSTW2008nlo90cl/dFLc_dpt_x-3_1.dat
[INFO] int5D(Dvegas): [8]  2.575814e-02 ± 7.047403e-05 (0.274%) chi2/it: 1.417
[SUCC] /home/Felix/Physik/PhD/data/NPB392-229-MSTW2008nlo90cl/dFGc_dpt_x-2_1.dat


