
Time =       0.00 sec    Generated terms =        288
              ME         Terms in output =        288
                         Bytes used      =      24180

Time =       0.07 sec    Generated terms =      78552
              ME         Terms in output =       8516
                         Bytes used      =     353428

Time =       0.07 sec    Generated terms =       8516
              ME         Terms in output =       8516
                         Bytes used      =     353428

Time =       0.08 sec    Generated terms =       8516
              F1         Terms in output =       1710
                         Bytes used      =      67400

Time =       0.08 sec    Generated terms =       5363
              g1         Terms in output =       1498
                         Bytes used      =      73440

Time =       0.09 sec    Generated terms =       8516
              ME         Terms in output =       8516
                         Bytes used      =     353428

Time =       0.09 sec    Generated terms =       1710
              F1         Terms in output =       1710
                         Bytes used      =      67400

Time =       0.09 sec    Generated terms =       1498
              g1         Terms in output =       1498
                         Bytes used      =      73440

Time =       0.10 sec    Generated terms =       8516
              F2         Terms in output =       1717
                         Bytes used      =     114456

Time =       0.10 sec    Generated terms =       4859
              g2         Terms in output =       1481
                         Bytes used      =      99112

Time =       0.11 sec    Generated terms =       8516
              ME         Terms in output =       8516
                         Bytes used      =     353428

Time =       0.11 sec    Generated terms =       1710
              F1         Terms in output =       1710
                         Bytes used      =      67400

Time =       0.11 sec    Generated terms =       1498
              g1         Terms in output =       1498
                         Bytes used      =      73440

Time =       0.11 sec    Generated terms =       1717
              F2         Terms in output =       1717
                         Bytes used      =     114456

Time =       0.11 sec    Generated terms =       1481
              g2         Terms in output =       1481
                         Bytes used      =      99112

Time =       0.11 sec    Generated terms =       2874
              F3         Terms in output =       1125
                         Bytes used      =      59968

Time =       0.17 sec    Generated terms =      64200
              g3         Terms in output =      20731
                         Bytes used      =    1256088

Time =       0.17 sec    Generated terms =       8516
              ME         Terms in output =       8516
                         Bytes used      =     353428

Time =       0.17 sec    Generated terms =       1710
              F1         Terms in output =       1710
                         Bytes used      =      67400

Time =       0.17 sec    Generated terms =       1498
              g1         Terms in output =       1498
                         Bytes used      =      73440

Time =       0.17 sec    Generated terms =       1717
              F2         Terms in output =       1717
                         Bytes used      =     114456

Time =       0.17 sec    Generated terms =       1481
              g2         Terms in output =       1481
                         Bytes used      =      99112

Time =       0.17 sec    Generated terms =       1125
              F3         Terms in output =       1125
                         Bytes used      =      59968

Time =       0.18 sec    Generated terms =      20731
              g3         Terms in output =      20731
                         Bytes used      =    1256088

Time =       0.19 sec    Generated terms =       8516
              F4         Terms in output =       2052
                         Bytes used      =     119536

Time =       0.20 sec    Generated terms =       4859
              g4         Terms in output =       1755
                         Bytes used      =     117132

Time =       0.20 sec    Generated terms =       8516
              ME         Terms in output =       8516
                         Bytes used      =     353428

Time =       0.20 sec    Generated terms =       1710
              F1         Terms in output =       1710
                         Bytes used      =      67400

Time =       0.20 sec    Generated terms =       1498
              g1         Terms in output =       1498
                         Bytes used      =      73440

Time =       0.20 sec    Generated terms =       1717
              F2         Terms in output =       1717
                         Bytes used      =     114456

Time =       0.20 sec    Generated terms =       1481
              g2         Terms in output =       1481
                         Bytes used      =      99112

Time =       0.20 sec    Generated terms =       1125
              F3         Terms in output =       1125
                         Bytes used      =      59968

Time =       0.21 sec    Generated terms =      20731
              g3         Terms in output =      20731
                         Bytes used      =    1256088

Time =       0.21 sec    Generated terms =       2052
              F4         Terms in output =       2052
                         Bytes used      =     119536

Time =       0.21 sec    Generated terms =       1755
              g4         Terms in output =       1755
                         Bytes used      =     117132

Time =       0.23 sec    Generated terms =      17032
              F5         Terms in output =       3016
                         Bytes used      =     176100

Time =       0.24 sec    Generated terms =       9718
              g5         Terms in output =       2593
                         Bytes used      =     152224

Time =       0.26 sec    Generated terms =      10118
              ME         Terms in output =       4898
                         Bytes used      =     173516

Time =       0.26 sec    Generated terms =       2163
              F1         Terms in output =       1056
                         Bytes used      =      35272

Time =       0.27 sec    Generated terms =          0
              g1         Terms in output =          0
                         Bytes used      =          4

Time =       0.27 sec    Generated terms =        899
              F2         Terms in output =        237
                         Bytes used      =      10568

Time =       0.27 sec    Generated terms =          0
              g2         Terms in output =          0
                         Bytes used      =          4

Time =       0.27 sec    Generated terms =          0
              F3         Terms in output =          0
                         Bytes used      =          4

Time =       0.32 sec    Generated terms =      19010
              g3         Terms in output =       8434
                         Bytes used      =     327232

Time =       0.33 sec    Generated terms =       3461
              F4         Terms in output =        942
                         Bytes used      =      36728

Time =       0.33 sec    Generated terms =          0
              g4         Terms in output =          0
                         Bytes used      =          4

Time =       0.34 sec    Generated terms =       3565
              F5         Terms in output =       1293
                         Bytes used      =      49908

Time =       0.35 sec    Generated terms =          0
              g5         Terms in output =          0
                         Bytes used      =          4

Time =       0.36 sec    Generated terms =       1056
              F1         Terms in output =       1056
                         Bytes used      =      35272

Time =       0.36 sec    Generated terms =          0
              g1         Terms in output =          0
                         Bytes used      =          4

Time =       0.36 sec    Generated terms =        237
              F2         Terms in output =        237
                         Bytes used      =      10568

Time =       0.36 sec    Generated terms =          0
              g2         Terms in output =          0
                         Bytes used      =          4

Time =       0.36 sec    Generated terms =          0
              F3         Terms in output =          0
                         Bytes used      =          4

Time =       0.37 sec    Generated terms =       8434
              g3         Terms in output =       8434
                         Bytes used      =     327232

Time =       0.37 sec    Generated terms =        942
              F4         Terms in output =        942
                         Bytes used      =      36728

Time =       0.37 sec    Generated terms =          0
              g4         Terms in output =          0
                         Bytes used      =          4

Time =       0.37 sec    Generated terms =       1293
              F5         Terms in output =       1293
                         Bytes used      =      49908

Time =       0.37 sec    Generated terms =          0
              g5         Terms in output =          0
                         Bytes used      =          4

Time =       0.37 sec    Generated terms =        288
              ME         Terms in output =        288
                         Bytes used      =      24180

Time =       0.37 sec    Generated terms =       1056
              F1         Terms in output =       1056
                         Bytes used      =      35272

Time =       0.37 sec    Generated terms =          0
              g1         Terms in output =          0
                         Bytes used      =          4

Time =       0.37 sec    Generated terms =        237
              F2         Terms in output =        237
                         Bytes used      =      10568

Time =       0.37 sec    Generated terms =          0
              g2         Terms in output =          0
                         Bytes used      =          4

Time =       0.37 sec    Generated terms =          0
              F3         Terms in output =          0
                         Bytes used      =          4

Time =       0.38 sec    Generated terms =       8434
              g3         Terms in output =       8434
                         Bytes used      =     327232

Time =       0.38 sec    Generated terms =        942
              F4         Terms in output =        942
                         Bytes used      =      36728

Time =       0.38 sec    Generated terms =          0
              g4         Terms in output =          0
                         Bytes used      =          4

Time =       0.38 sec    Generated terms =       1293
              F5         Terms in output =       1293
                         Bytes used      =      49908

Time =       0.38 sec    Generated terms =          0
              g5         Terms in output =          0
                         Bytes used      =          4

Time =       0.44 sec    Generated terms =      78156
              ME         Terms in output =       8454
                         Bytes used      =     350236

Time =       0.44 sec    Generated terms =        237
              F2         Terms in output =        237
                         Bytes used      =      10568

Time =       0.44 sec    Generated terms =          0
              g2         Terms in output =          0
                         Bytes used      =          4

Time =       0.44 sec    Generated terms =          0
              F3         Terms in output =          0
                         Bytes used      =          4

Time =       0.44 sec    Generated terms =       8434
              g3         Terms in output =       8434
                         Bytes used      =     327232

Time =       0.44 sec    Generated terms =        942
              F4         Terms in output =        942
                         Bytes used      =      36728

Time =       0.44 sec    Generated terms =          0
              g4         Terms in output =          0
                         Bytes used      =          4

Time =       0.44 sec    Generated terms =       1293
              F5         Terms in output =       1293
                         Bytes used      =      49908

Time =       0.44 sec    Generated terms =          0
              g5         Terms in output =          0
                         Bytes used      =          4

Time =       0.45 sec    Generated terms =       8454
              ME         Terms in output =       8454
                         Bytes used      =     350236

Time =       0.45 sec    Generated terms =       8454
              F1         Terms in output =       1740
                         Bytes used      =      68524

Time =       0.46 sec    Generated terms =       5308
              g1         Terms in output =       1497
                         Bytes used      =      73052

Time =       0.46 sec    Generated terms =          0
              F3         Terms in output =          0
                         Bytes used      =          4

Time =       0.46 sec    Generated terms =       8434
              g3         Terms in output =       8434
                         Bytes used      =     327232

Time =       0.46 sec    Generated terms =        942
              F4         Terms in output =        942
                         Bytes used      =      36728

Time =       0.46 sec    Generated terms =          0
              g4         Terms in output =          0
                         Bytes used      =          4

Time =       0.46 sec    Generated terms =       1293
              F5         Terms in output =       1293
                         Bytes used      =      49908

Time =       0.46 sec    Generated terms =          0
              g5         Terms in output =          0
                         Bytes used      =          4

Time =       0.47 sec    Generated terms =       8454
              ME         Terms in output =       8454
                         Bytes used      =     350236

Time =       0.47 sec    Generated terms =       1740
              F1         Terms in output =       1740
                         Bytes used      =      68524

Time =       0.47 sec    Generated terms =       1497
              g1         Terms in output =       1497
                         Bytes used      =      73052

Time =       0.48 sec    Generated terms =       8454
              F2         Terms in output =       1698
                         Bytes used      =     112480

Time =       0.48 sec    Generated terms =       4851
              g2         Terms in output =       1420
                         Bytes used      =      93960

Time =       0.48 sec    Generated terms =        942
              F4         Terms in output =        942
                         Bytes used      =      36728

Time =       0.48 sec    Generated terms =          0
              g4         Terms in output =          0
                         Bytes used      =          4

Time =       0.48 sec    Generated terms =       1293
              F5         Terms in output =       1293
                         Bytes used      =      49908

Time =       0.48 sec    Generated terms =          0
              g5         Terms in output =          0
                         Bytes used      =          4

Time =       0.49 sec    Generated terms =       8454
              ME         Terms in output =       8454
                         Bytes used      =     350236

Time =       0.49 sec    Generated terms =       1740
              F1         Terms in output =       1740
                         Bytes used      =      68524

Time =       0.49 sec    Generated terms =       1497
              g1         Terms in output =       1497
                         Bytes used      =      73052

Time =       0.49 sec    Generated terms =       1698
              F2         Terms in output =       1698
                         Bytes used      =     112480

Time =       0.49 sec    Generated terms =       1420
              g2         Terms in output =       1420
                         Bytes used      =      93960

Time =       0.49 sec    Generated terms =       2689
              F3         Terms in output =       1146
                         Bytes used      =      61180

Time =       0.55 sec    Generated terms =      61920
              g3         Terms in output =      20821
                         Bytes used      =    1250860

Time =       0.55 sec    Generated terms =       1293
              F5         Terms in output =       1293
                         Bytes used      =      49908

Time =       0.55 sec    Generated terms =          0
              g5         Terms in output =          0
                         Bytes used      =          4

Time =       0.55 sec    Generated terms =       8454
              ME         Terms in output =       8454
                         Bytes used      =     350236

Time =       0.55 sec    Generated terms =       1740
              F1         Terms in output =       1740
                         Bytes used      =      68524

Time =       0.55 sec    Generated terms =       1497
              g1         Terms in output =       1497
                         Bytes used      =      73052

Time =       0.55 sec    Generated terms =       1698
              F2         Terms in output =       1698
                         Bytes used      =     112480

Time =       0.55 sec    Generated terms =       1420
              g2         Terms in output =       1420
                         Bytes used      =      93960

Time =       0.55 sec    Generated terms =       1146
              F3         Terms in output =       1146
                         Bytes used      =      61180

Time =       0.56 sec    Generated terms =      20821
              g3         Terms in output =      20821
                         Bytes used      =    1250860

Time =       0.57 sec    Generated terms =       8454
              F4         Terms in output =       2042
                         Bytes used      =     119448

Time =       0.58 sec    Generated terms =       4851
              g4         Terms in output =       1704
                         Bytes used      =     113516

Time =       0.58 sec    Generated terms =       8454
              ME         Terms in output =       8454
                         Bytes used      =     350236

Time =       0.58 sec    Generated terms =       1740
              F1         Terms in output =       1740
                         Bytes used      =      68524

Time =       0.58 sec    Generated terms =       1497
              g1         Terms in output =       1497
                         Bytes used      =      73052

Time =       0.58 sec    Generated terms =       1698
              F2         Terms in output =       1698
                         Bytes used      =     112480

Time =       0.58 sec    Generated terms =       1420
              g2         Terms in output =       1420
                         Bytes used      =      93960

Time =       0.58 sec    Generated terms =       1146
              F3         Terms in output =       1146
                         Bytes used      =      61180

Time =       0.59 sec    Generated terms =      20821
              g3         Terms in output =      20821
                         Bytes used      =    1250860

Time =       0.59 sec    Generated terms =       2042
              F4         Terms in output =       2042
                         Bytes used      =     119448

Time =       0.59 sec    Generated terms =       1704
              g4         Terms in output =       1704
                         Bytes used      =     113516

Time =       0.61 sec    Generated terms =      16908
              F5         Terms in output =       3029
                         Bytes used      =     175648

Time =       0.62 sec    Generated terms =       9702
              g5         Terms in output =       2587
                         Bytes used      =     149632

Time =       0.64 sec    Generated terms =       9794
              ME         Terms in output =       4972
                         Bytes used      =     176336

Time =       0.64 sec    Generated terms =       2157
              F1         Terms in output =       1061
                         Bytes used      =      35644

Time =       0.64 sec    Generated terms =          0
              g1         Terms in output =          0
                         Bytes used      =          4

Time =       0.65 sec    Generated terms =        767
              F2         Terms in output =        256
                         Bytes used      =      11280

Time =       0.65 sec    Generated terms =          0
              g2         Terms in output =          0
                         Bytes used      =          4

Time =       0.65 sec    Generated terms =          0
              F3         Terms in output =          0
                         Bytes used      =          4

Time =       0.70 sec    Generated terms =      18096
              g3         Terms in output =       8442
                         Bytes used      =     329580

Time =       0.70 sec    Generated terms =       3372
              F4         Terms in output =        970
                         Bytes used      =      37484

Time =       0.71 sec    Generated terms =          0
              g4         Terms in output =          0
                         Bytes used      =          4

Time =       0.72 sec    Generated terms =       3543
              F5         Terms in output =       1439
                         Bytes used      =      54924

Time =       0.73 sec    Generated terms =          0
              g5         Terms in output =          0
                         Bytes used      =          4

Time =       0.74 sec    Generated terms =       4972
              ME         Terms in output =       4972
                         Bytes used      =     176336

Time =       0.74 sec    Generated terms =       1061
              F1         Terms in output =       1061
                         Bytes used      =      35644

Time =       0.74 sec    Generated terms =          0
              g1         Terms in output =          0
                         Bytes used      =          4

Time =       0.74 sec    Generated terms =        256
              F2         Terms in output =        256
                         Bytes used      =      11280

Time =       0.74 sec    Generated terms =          0
              g2         Terms in output =          0
                         Bytes used      =          4

Time =       0.74 sec    Generated terms =          0
              F3         Terms in output =          0
                         Bytes used      =          4

Time =       0.74 sec    Generated terms =       8442
              g3         Terms in output =       8442
                         Bytes used      =     329580

Time =       0.74 sec    Generated terms =        970
              F4         Terms in output =        970
                         Bytes used      =      37484

Time =       0.74 sec    Generated terms =          0
              g4         Terms in output =          0
                         Bytes used      =          4

Time =       0.74 sec    Generated terms =       1439
              F5         Terms in output =       1439
                         Bytes used      =      54924

Time =       0.74 sec    Generated terms =          0
              g5         Terms in output =          0
                         Bytes used      =          4
