###########
omega = 0.8
LHAPDF 6.1.6 loading /usr/local/share/LHAPDF/MSTW2008nlo90cl/MSTW2008nlo90cl_0000.dat
MSTW2008nlo90cl PDF set, member #0, version 3; LHAPDF ID = 21150
LHAPDF 6.1.6 loading /usr/local/share/LHAPDF/MSTW2008nlo90cl/MSTW2008nlo90cl_0000.dat
MSTW2008nlo90cl PDF set, member #0, version 3; LHAPDF ID = 21150
===================================================
iteration with 500000 shots
integral: 0.0647879 +/- 0.00369079   (5.69673%)
positive: 94044.7
negative: -61650.8
===================================================
===================================================
iteration with 500000 shots
integral: 0.0629395 +/- 0.00127075   (2.01901%)
positive: 91460.2
negative: -59990.4
===================================================
***************************************************
integral: 0.0631354 +/- 0.00120153   (1.9031%)
chi^2/iteration: 0.224221 based on 2 iterations
***************************************************
===================================================
iteration with 500000 shots
integral: 0.0623297 +/- 0.000785029   (1.25948%)
positive: 91666.6
negative: -60501.7
===================================================
***************************************************
integral: 0.0625707 +/- 0.000657192   (1.05032%)
chi^2/iteration: 0.269671 based on 3 iterations
***************************************************
===================================================
iteration with 500000 shots
integral: 0.0638405 +/- 0.000729707   (1.14302%)
positive: 91944.2
negative: -60024
===================================================
***************************************************
integral: 0.0631394 +/- 0.000488335   (0.773424%)
chi^2/iteration: 0.737051 based on 4 iterations
***************************************************
===================================================
iteration with 500000 shots
integral: 0.0642134 +/- 0.000725646   (1.13005%)
positive: 92358.1
negative: -60251.4
===================================================
***************************************************
integral: 0.0634742 +/- 0.000405138   (0.638272%)
chi^2/iteration: 0.929741 based on 5 iterations
***************************************************
[INFO] int5D(Dvegas): [0]  6.347419e-02 ± 4.051377e-04 (0.638%) chi2/it: 0.930
6.350462e-02	6.347419e-02	3.042706e-05	4.791314e-04
Thanks for using LHAPDF 6.1.6. Please make sure to cite the paper:
  Eur.Phys.J. C75 (2015) 3, 132  (http://arxiv.org/abs/1412.7420)
Press ENTER to continue...

###########
omega = 1.0
LHAPDF 6.1.6 loading /usr/local/share/LHAPDF/MSTW2008nlo90cl/MSTW2008nlo90cl_0000.dat
MSTW2008nlo90cl PDF set, member #0, version 3; LHAPDF ID = 21150
LHAPDF 6.1.6 loading /usr/local/share/LHAPDF/MSTW2008nlo90cl/MSTW2008nlo90cl_0000.dat
MSTW2008nlo90cl PDF set, member #0, version 3; LHAPDF ID = 21150
===================================================
iteration with 500000 shots
integral: 0.0639152 +/- 0.00188406   (2.94775%)
positive: 90619.7
negative: -58662.1
===================================================
===================================================
iteration with 500000 shots
integral: 0.0629772 +/- 0.000915497   (1.4537%)
positive: 90883.7
negative: -59395.1
===================================================
***************************************************
integral: 0.0631564 +/- 0.000823432   (1.3038%)
chi^2/iteration: 0.20049 based on 2 iterations
***************************************************
===================================================
iteration with 500000 shots
integral: 0.0626846 +/- 0.000758474   (1.20998%)
positive: 90732.8
negative: -59390.5
===================================================
***************************************************
integral: 0.0629012 +/- 0.000557875   (0.886907%)
chi^2/iteration: 0.189028 based on 3 iterations
***************************************************
===================================================
iteration with 500000 shots
integral: 0.0637054 +/- 0.000716412   (1.12457%)
positive: 90823.4
negative: -58970.7
===================================================
***************************************************
integral: 0.0632047 +/- 0.000440162   (0.696406%)
chi^2/iteration: 0.387493 based on 4 iterations
***************************************************
===================================================
iteration with 500000 shots
integral: 0.0641504 +/- 0.000709836   (1.10652%)
positive: 91191.2
negative: -59116
===================================================
***************************************************
integral: 0.0634674 +/- 0.00037408   (0.589405%)
chi^2/iteration: 0.611092 based on 5 iterations
***************************************************
[INFO] int5D(Dvegas): [0]  6.346737e-02 ± 3.740796e-04 (0.589%) chi2/it: 0.611
6.350462e-02	6.346737e-02	3.724566e-05	5.865032e-04
Thanks for using LHAPDF 6.1.6. Please make sure to cite the paper:
  Eur.Phys.J. C75 (2015) 3, 132  (http://arxiv.org/abs/1412.7420)
Press ENTER to continue...

###########
omega = 1.2
LHAPDF 6.1.6 loading /usr/local/share/LHAPDF/MSTW2008nlo90cl/MSTW2008nlo90cl_0000.dat
MSTW2008nlo90cl PDF set, member #0, version 3; LHAPDF ID = 21150
LHAPDF 6.1.6 loading /usr/local/share/LHAPDF/MSTW2008nlo90cl/MSTW2008nlo90cl_0000.dat
MSTW2008nlo90cl PDF set, member #0, version 3; LHAPDF ID = 21150
===================================================
iteration with 500000 shots
integral: 0.0638178 +/- 0.00326803   (5.12087%)
positive: 91277.8
negative: -59368.9
===================================================
===================================================
iteration with 500000 shots
integral: 0.0630251 +/- 0.00117936   (1.87125%)
positive: 89507.5
negative: -57995
===================================================
***************************************************
integral: 0.0631164 +/- 0.00110933   (1.75759%)
chi^2/iteration: 0.0520622 based on 2 iterations
***************************************************
===================================================
iteration with 500000 shots
integral: 0.0624004 +/- 0.000787075   (1.26133%)
positive: 89881.6
negative: -58681.4
===================================================
***************************************************
integral: 0.0626401 +/- 0.000641918   (1.02477%)
chi^2/iteration: 0.164609 based on 3 iterations
***************************************************
===================================================
iteration with 500000 shots
integral: 0.0634765 +/- 0.000719556   (1.13358%)
positive: 89989.1
negative: -58250.8
===================================================
***************************************************
integral: 0.0630108 +/- 0.00047901   (0.760203%)
chi^2/iteration: 0.360516 based on 4 iterations
***************************************************
===================================================
iteration with 500000 shots
integral: 0.0640343 +/- 0.000706323   (1.10304%)
positive: 90358.8
negative: -58341.7
===================================================
***************************************************
integral: 0.0633332 +/- 0.000396442   (0.625963%)
chi^2/iteration: 0.629983 based on 5 iterations
***************************************************
[INFO] int5D(Dvegas): [0]  6.333324e-02 ± 3.964425e-04 (0.626%) chi2/it: 0.630
6.350462e-02	6.333324e-02	1.713790e-04	2.698685e-03
Thanks for using LHAPDF 6.1.6. Please make sure to cite the paper:
  Eur.Phys.J. C75 (2015) 3, 132  (http://arxiv.org/abs/1412.7420)
Press ENTER to continue...


