[INFO] m2 = 2.25, q2 = -10, proj = L
LHAPDF 6.1.6 loading /usr/local/share/LHAPDF/MSTW2008nlo90cl/MSTW2008nlo90cl_0000.dat
MSTW2008nlo90cl PDF set, member #0, version 3; LHAPDF ID = 21150
LHAPDF 6.1.6 loading /usr/local/share/LHAPDF/MSTW2008nlo90cl/MSTW2008nlo90cl_0000.dat
MSTW2008nlo90cl PDF set, member #0, version 3; LHAPDF ID = 21150
===================================================
iteration with 1500000 shots
integral: 0.025846 +/- 0.00145817   (5.64177%)
positive: 122630
negative: -83860.7
===================================================
===================================================
iteration with 1500000 shots
integral: 0.0267976 +/- 0.000453668   (1.69294%)
positive: 123030
negative: -82833.1
===================================================
***************************************************
integral: 0.0267136 +/- 0.000433187   (1.62159%)
chi^2/iteration: 0.388282 based on 2 iterations
***************************************************
===================================================
iteration with 1500000 shots
integral: 0.027581 +/- 0.000263529   (0.955475%)
positive: 123727
negative: -82355.8
===================================================
***************************************************
integral: 0.0273467 +/- 0.000225141   (0.823284%)
chi^2/iteration: 1.6571 based on 3 iterations
***************************************************
===================================================
iteration with 1500000 shots
integral: 0.0271937 +/- 0.000230732   (0.848475%)
positive: 123143
negative: -82351.9
===================================================
***************************************************
integral: 0.0272721 +/- 0.000161139   (0.590857%)
chi^2/iteration: 1.17978 based on 4 iterations
***************************************************
===================================================
iteration with 1500000 shots
integral: 0.0274121 +/- 0.000220785   (0.80543%)
positive: 123118
negative: -81999.7
===================================================
***************************************************
integral: 0.0273207 +/- 0.000130159   (0.476413%)
chi^2/iteration: 0.950427 based on 5 iterations
***************************************************
[INFO] int5D(Dvegas): [0]  2.732074e-02 ± 1.301595e-04 (0.476%) chi2/it: 0.950
2.735433e-02	2.732074e-02	3.358165e-05	1.227654e-03
Thanks for using LHAPDF 6.1.6. Please make sure to cite the paper:
  Eur.Phys.J. C75 (2015) 3, 132  (http://arxiv.org/abs/1412.7420)
Press ENTER to continue...


