[INFO] m2 = 2.25, q2 = -10, proj = L
LHAPDF 6.1.6 loading /usr/local/share/LHAPDF/MSTW2008nlo90cl/MSTW2008nlo90cl_0000.dat
MSTW2008nlo90cl PDF set, member #0, version 3; LHAPDF ID = 21150
LHAPDF 6.1.6 loading /usr/local/share/LHAPDF/MSTW2008nlo90cl/MSTW2008nlo90cl_0000.dat
MSTW2008nlo90cl PDF set, member #0, version 3; LHAPDF ID = 21150
===================================================
iteration with 2000000 shots
integral: 0.0287855 +/- 0.00472442   (16.4125%)
positive: 160525
negative: -102954
===================================================
===================================================
iteration with 2000000 shots
integral: 0.027099 +/- 0.000946744   (3.49365%)
positive: 164064
negative: -109866
===================================================
***************************************************
integral: 0.0271641 +/- 0.000928289   (3.41733%)
chi^2/iteration: 0.122514 based on 2 iterations
***************************************************
===================================================
iteration with 2000000 shots
integral: 0.0274438 +/- 0.000276678   (1.00816%)
positive: 164372
negative: -109484
===================================================
***************************************************
integral: 0.027421 +/- 0.000265152   (0.966966%)
chi^2/iteration: 0.102936 based on 3 iterations
***************************************************
===================================================
iteration with 2000000 shots
integral: 0.027335 +/- 0.000198071   (0.724606%)
positive: 164122
negative: -109452
===================================================
***************************************************
integral: 0.0273658 +/- 0.000158684   (0.579863%)
chi^2/iteration: 0.0911063 based on 4 iterations
***************************************************
===================================================
iteration with 2000000 shots
integral: 0.0274741 +/- 0.000190605   (0.693764%)
positive: 164738
negative: -109790
===================================================
***************************************************
integral: 0.0274101 +/- 0.000121953   (0.444919%)
chi^2/iteration: 0.115979 based on 5 iterations
***************************************************
===================================================
iteration with 2000000 shots
integral: 0.0272521 +/- 0.000188879   (0.693083%)
positive: 164458
negative: -109954
===================================================
***************************************************
integral: 0.0273636 +/- 0.000102453   (0.374413%)
chi^2/iteration: 0.191637 based on 6 iterations
***************************************************
===================================================
iteration with 2000000 shots
integral: 0.027243 +/- 0.000187912   (0.68976%)
positive: 164347
negative: -109861
===================================================
***************************************************
integral: 0.027336 +/- 8.9952e-05   (0.329061%)
chi^2/iteration: 0.212611 based on 7 iterations
***************************************************
===================================================
iteration with 2000000 shots
integral: 0.0273515 +/- 0.000187633   (0.686007%)
positive: 164067
negative: -109364
===================================================
***************************************************
integral: 0.0273389 +/- 8.11127e-05   (0.296693%)
chi^2/iteration: 0.18303 based on 8 iterations
***************************************************
===================================================
iteration with 2000000 shots
integral: 0.0276178 +/- 0.000187325   (0.678277%)
positive: 164624
negative: -109388
===================================================
***************************************************
integral: 0.0273829 +/- 7.44343e-05   (0.271827%)
chi^2/iteration: 0.393461 based on 9 iterations
***************************************************
===================================================
iteration with 2000000 shots
integral: 0.0274029 +/- 0.000187347   (0.683674%)
positive: 164572
negative: -109766
===================================================
***************************************************
integral: 0.0273856 +/- 6.91745e-05   (0.252594%)
chi^2/iteration: 0.350837 based on 10 iterations
***************************************************
[INFO] int5D(Dvegas): [0]  2.738565e-02 ± 6.917455e-05 (0.253%) chi2/it: 0.351
2.735433e-02	2.738565e-02	-3.132167e-05	-1.145035e-03
Thanks for using LHAPDF 6.1.6. Please make sure to cite the paper:
  Eur.Phys.J. C75 (2015) 3, 132  (http://arxiv.org/abs/1412.7420)
Press ENTER to continue...


