Felix@FHe15:~/Physik/PhD/py$ ./PLB353-535.py 
LHAPDF 6.1.6 loading /usr/local/share/LHAPDF/MSTW2008nlo90cl/MSTW2008nlo90cl_0000.dat
LHAPDF 6.1.6 loading /usr/local/share/LHAPDF/MSTW2008nlo90cl/MSTW2008nlo90cl_0000.dat
LHAPDF 6.1.6 loading /usr/local/share/LHAPDF/MSTW2008nlo90cl/MSTW2008nlo90cl_0000.dat
MSTW2008nlo90cl PDF set, member #0, version 3; LHAPDF ID = 21150
MSTW2008nlo90cl PDF set, member #0, version 3; LHAPDF ID = 21150
MSTW2008nlo90cl PDF set, member #0, version 3; LHAPDF ID = 21150
LHAPDF 6.1.6 loading /usr/local/share/LHAPDF/MSTW2008nlo90cl/MSTW2008nlo90cl_0000.dat
LHAPDF 6.1.6 loading /usr/local/share/LHAPDF/MSTW2008nlo90cl/MSTW2008nlo90cl_0000.dat
LHAPDF 6.1.6 loading /usr/local/share/LHAPDF/MSTW2008nlo90cl/MSTW2008nlo90cl_0000.dat
MSTW2008nlo90cl PDF set, member #0, version 3; LHAPDF ID = 21150
MSTW2008nlo90cl PDF set, member #0, version 3; LHAPDF ID = 21150
LHAPDF 6.1.6 loading /usr/local/share/LHAPDF/MSTW2008nlo90cl/MSTW2008nlo90cl_0000.dat
MSTW2008nlo90cl PDF set, member #0, version 3; LHAPDF ID = 21150
MSTW2008nlo90cl PDF set, member #0, version 3; LHAPDF ID = 21150
LHAPDF 6.1.6 loading /usr/local/share/LHAPDF/MSTW2008nlo90cl/MSTW2008nlo90cl_0000.dat
MSTW2008nlo90cl PDF set, member #0, version 3; LHAPDF ID = 21150
[INFO] int5D(Dvegas): [2]  1.237657e-02 ± 2.374975e-06 (0.019%) chi2/it: 0.778
[SUCC] /home/Felix/Physik/PhD/data/PLB353-535-MSTW2008nlo90cl/FGb_x-85_q2-500_0.dat
LHAPDF 6.1.6 loading /usr/local/share/LHAPDF/MSTW2008nlo90cl/MSTW2008nlo90cl_0000.dat
MSTW2008nlo90cl PDF set, member #0, version 3; LHAPDF ID = 21150
[INFO] int5D(Dvegas): [2]  2.406995e-03 ± 4.173158e-07 (0.017%) chi2/it: 0.780
[SUCC] /home/Felix/Physik/PhD/data/PLB353-535-MSTW2008nlo90cl/FGb_x-85_q2-120_0.dat
LHAPDF 6.1.6 loading /usr/local/share/LHAPDF/MSTW2008nlo90cl/MSTW2008nlo90cl_0000.dat
MSTW2008nlo90cl PDF set, member #0, version 3; LHAPDF ID = 21150
[INFO] int5D(Dvegas): [2]  1.491408e-03 ± 2.495738e-07 (0.017%) chi2/it: 0.799
[SUCC] /home/Felix/Physik/PhD/data/PLB353-535-MSTW2008nlo90cl/FGb_x-85_q2-85_0.dat
LHAPDF 6.1.6 loading /usr/local/share/LHAPDF/MSTW2008nlo90cl/MSTW2008nlo90cl_0000.dat
MSTW2008nlo90cl PDF set, member #0, version 3; LHAPDF ID = 21150
[INFO] int5D(Dvegas): [2]  5.992959e-03 ± 1.102324e-06 (0.018%) chi2/it: 0.755
[SUCC] /home/Felix/Physik/PhD/data/PLB353-535-MSTW2008nlo90cl/FGb_x-85_q2-250_0.dat
LHAPDF 6.1.6 loading /usr/local/share/LHAPDF/MSTW2008nlo90cl/MSTW2008nlo90cl_0000.dat
MSTW2008nlo90cl PDF set, member #0, version 3; LHAPDF ID = 21150
[INFO] int5D(Dvegas): [0]  4.035262e-05 ± 4.192275e-09 (0.010%) chi2/it: 1.098
[SUCC] /home/Felix/Physik/PhD/data/PLB353-535-MSTW2008nlo90cl/FLb_x-85_q2-85_0.dat
LHAPDF 6.1.6 loading /usr/local/share/LHAPDF/MSTW2008nlo90cl/MSTW2008nlo90cl_0000.dat
MSTW2008nlo90cl PDF set, member #0, version 3; LHAPDF ID = 21150
[INFO] int5D(Dvegas): [0]  8.846927e-05 ± 9.230160e-09 (0.010%) chi2/it: 1.100
[SUCC] /home/Felix/Physik/PhD/data/PLB353-535-MSTW2008nlo90cl/FLb_x-85_q2-120_0.dat
LHAPDF 6.1.6 loading /usr/local/share/LHAPDF/MSTW2008nlo90cl/MSTW2008nlo90cl_0000.dat
MSTW2008nlo90cl PDF set, member #0, version 3; LHAPDF ID = 21150
[INFO] int5D(Dvegas): [0]  4.122732e-04 ± 4.398179e-08 (0.011%) chi2/it: 1.382
[SUCC] /home/Felix/Physik/PhD/data/PLB353-535-MSTW2008nlo90cl/FLb_x-85_q2-250_0.dat
LHAPDF 6.1.6 loading /usr/local/share/LHAPDF/MSTW2008nlo90cl/MSTW2008nlo90cl_0000.dat
MSTW2008nlo90cl PDF set, member #0, version 3; LHAPDF ID = 21150
[INFO] int5D(Dvegas): [0]  1.455606e-03 ± 1.570239e-07 (0.011%) chi2/it: 0.998
[SUCC] /home/Felix/Physik/PhD/data/PLB353-535-MSTW2008nlo90cl/FLb_x-85_q2-500_0.dat
LHAPDF 6.1.6 loading /usr/local/share/LHAPDF/MSTW2008nlo90cl/MSTW2008nlo90cl_0000.dat
MSTW2008nlo90cl PDF set, member #0, version 3; LHAPDF ID = 21150
[INFO] int5D(Dvegas): [0]  3.396665e-04 ± 3.623602e-08 (0.011%) chi2/it: 1.382
[SUCC] /home/Felix/Physik/PhD/data/PLB353-535-MSTW2008nlo90cl/FLb_x-85_q2-250_1.dat
[INFO] int5D(Dvegas): [0]  7.254848e-05 ± 7.569114e-09 (0.010%) chi2/it: 1.100
[SUCC] /home/Felix/Physik/PhD/data/PLB353-535-MSTW2008nlo90cl/FLb_x-85_q2-120_1.dat
[INFO] int5D(Dvegas): [0]  3.303742e-05 ± 3.432292e-09 (0.010%) chi2/it: 1.098
[SUCC] /home/Felix/Physik/PhD/data/PLB353-535-MSTW2008nlo90cl/FLb_x-85_q2-85_1.dat
[INFO] int5D(Dvegas): [1]  1.206242e-03 ± 1.298892e-07 (0.011%) chi2/it: 1.338
[SUCC] /home/Felix/Physik/PhD/data/PLB353-535-MSTW2008nlo90cl/FLb_x-85_q2-500_1.dat
[INFO] int5D(Dvegas): [2]  4.937520e-03 ± 9.081905e-07 (0.018%) chi2/it: 0.755
[SUCC] /home/Felix/Physik/PhD/data/PLB353-535-MSTW2008nlo90cl/FGb_x-85_q2-250_1.dat
[INFO] int5D(Dvegas): [2]  1.025678e-02 ± 1.968203e-06 (0.019%) chi2/it: 0.778
[SUCC] /home/Felix/Physik/PhD/data/PLB353-535-MSTW2008nlo90cl/FGb_x-85_q2-500_1.dat
[INFO] int5D(Dvegas): [2]  1.973836e-03 ± 3.422163e-07 (0.017%) chi2/it: 0.780
[SUCC] /home/Felix/Physik/PhD/data/PLB353-535-MSTW2008nlo90cl/FGb_x-85_q2-120_1.dat
[INFO] int5D(Dvegas): [2]  1.221043e-03 ± 2.043306e-07 (0.017%) chi2/it: 0.799
[SUCC] /home/Felix/Physik/PhD/data/PLB353-535-MSTW2008nlo90cl/FGb_x-85_q2-85_1.dat

Felix@FHe15:~/Physik/PhD/py$ ./PLB353-535.py 
LHAPDF 6.1.6 loading /usr/local/share/LHAPDF/MSTW2008nlo90cl/MSTW2008nlo90cl_0000.dat
LHAPDF 6.1.6 loading /usr/local/share/LHAPDF/MSTW2008nlo90cl/MSTW2008nlo90cl_0000.dat
LHAPDF 6.1.6 loading /usr/local/share/LHAPDF/MSTW2008nlo90cl/MSTW2008nlo90cl_0000.dat
MSTW2008nlo90cl PDF set, member #0, version 3; LHAPDF ID = 21150
LHAPDF 6.1.6 loading /usr/local/share/LHAPDF/MSTW2008nlo90cl/MSTW2008nlo90cl_0000.dat
MSTW2008nlo90cl PDF set, member #0, version 3; LHAPDF ID = 21150
MSTW2008nlo90cl PDF set, member #0, version 3; LHAPDF ID = 21150
LHAPDF 6.1.6 loading /usr/local/share/LHAPDF/MSTW2008nlo90cl/MSTW2008nlo90cl_0000.dat
MSTW2008nlo90cl PDF set, member #0, version 3; LHAPDF ID = 21150
LHAPDF 6.1.6 loading /usr/local/share/LHAPDF/MSTW2008nlo90cl/MSTW2008nlo90cl_0000.dat
LHAPDF 6.1.6 loading /usr/local/share/LHAPDF/MSTW2008nlo90cl/MSTW2008nlo90cl_0000.dat
MSTW2008nlo90cl PDF set, member #0, version 3; LHAPDF ID = 21150
MSTW2008nlo90cl PDF set, member #0, version 3; LHAPDF ID = 21150
MSTW2008nlo90cl PDF set, member #0, version 3; LHAPDF ID = 21150
LHAPDF 6.1.6 loading /usr/local/share/LHAPDF/MSTW2008nlo90cl/MSTW2008nlo90cl_0000.dat
MSTW2008nlo90cl PDF set, member #0, version 3; LHAPDF ID = 21150
[INFO] int5D(Dvegas): [0]  1.211148e-04 ± 1.302253e-08 (0.011%) chi2/it: 1.438
[SUCC] /home/Felix/Physik/PhD/data/PLB353-535-MSTW2008nlo90cl/FLb_x-42_q2-120_0.dat
LHAPDF 6.1.6 loading /usr/local/share/LHAPDF/MSTW2008nlo90cl/MSTW2008nlo90cl_0000.dat
MSTW2008nlo90cl PDF set, member #0, version 3; LHAPDF ID = 21150
[INFO] int5D(Dvegas): [2]  3.417801e-03 ± 6.335344e-07 (0.019%) chi2/it: 0.752
[SUCC] /home/Felix/Physik/PhD/data/PLB353-535-MSTW2008nlo90cl/FGb_x-42_q2-120_0.dat
LHAPDF 6.1.6 loading /usr/local/share/LHAPDF/MSTW2008nlo90cl/MSTW2008nlo90cl_0000.dat
MSTW2008nlo90cl PDF set, member #0, version 3; LHAPDF ID = 21150
[INFO] int5D(Dvegas): [2]  1.631708e-03 ± 2.630586e-07 (0.016%) chi2/it: 0.791
[SUCC] /home/Felix/Physik/PhD/data/PLB353-535-MSTW2008nlo90cl/FGb_x-160_q2-120_0.dat
LHAPDF 6.1.6 loading /usr/local/share/LHAPDF/MSTW2008nlo90cl/MSTW2008nlo90cl_0000.dat
MSTW2008nlo90cl PDF set, member #0, version 3; LHAPDF ID = 21150
[INFO] int5D(Dvegas): [2]  1.095264e-03 ± 1.656169e-07 (0.015%) chi2/it: 0.762
[SUCC] /home/Felix/Physik/PhD/data/PLB353-535-MSTW2008nlo90cl/FGb_x-270_q2-120_0.dat
LHAPDF 6.1.6 loading /usr/local/share/LHAPDF/MSTW2008nlo90cl/MSTW2008nlo90cl_0000.dat
MSTW2008nlo90cl PDF set, member #0, version 3; LHAPDF ID = 21150
[INFO] int5D(Dvegas): [2]  6.221728e-05 ± 6.545120e-09 (0.011%) chi2/it: 1.084
[SUCC] /home/Felix/Physik/PhD/data/PLB353-535-MSTW2008nlo90cl/FLb_x-160_q2-120_0.dat
[INFO] int5D(Dvegas): [0]  4.303605e-05 ± 4.454918e-09 (0.010%) chi2/it: 1.106
[SUCC] /home/Felix/Physik/PhD/data/PLB353-535-MSTW2008nlo90cl/FLb_x-270_q2-120_0.dat
[INFO] int5D(Dvegas): [0]  9.931914e-05 ± 1.067901e-08 (0.011%) chi2/it: 1.438
[SUCC] /home/Felix/Physik/PhD/data/PLB353-535-MSTW2008nlo90cl/FLb_x-42_q2-120_1.dat
[INFO] int5D(Dvegas): [0]  5.102149e-05 ± 5.300340e-09 (0.010%) chi2/it: 1.084
[SUCC] /home/Felix/Physik/PhD/data/PLB353-535-MSTW2008nlo90cl/FLb_x-160_q2-120_1.dat
[INFO] int5D(Dvegas): [0]  3.529135e-05 ± 3.653218e-09 (0.010%) chi2/it: 1.106
[SUCC] /home/Felix/Physik/PhD/data/PLB353-535-MSTW2008nlo90cl/FLb_x-270_q2-120_1.dat
[INFO] int5D(Dvegas): [2]  1.338068e-03 ± 2.157190e-07 (0.016%) chi2/it: 0.791
[SUCC] /home/Felix/Physik/PhD/data/PLB353-535-MSTW2008nlo90cl/FGb_x-160_q2-120_1.dat
[INFO] int5D(Dvegas): [2]  8.981623e-04 ± 1.358128e-07 (0.015%) chi2/it: 0.762
[SUCC] /home/Felix/Physik/PhD/data/PLB353-535-MSTW2008nlo90cl/FGb_x-270_q2-120_1.dat
[INFO] int5D(Dvegas): [2]  2.802739e-03 ± 5.195246e-07 (0.019%) chi2/it: 0.752
[SUCC] /home/Felix/Physik/PhD/data/PLB353-535-MSTW2008nlo90cl/FGb_x-42_q2-120_1.dat

Felix@FHe15:~/Physik/PhD$ ./py/PLB353-535.py 
LHAPDF 6.1.6 loading /usr/local/share/LHAPDF/MSTW2008nlo90cl/MSTW2008nlo90cl_0000.dat
LHAPDF 6.1.6 loading /usr/local/share/LHAPDF/MSTW2008nlo90cl/MSTW2008nlo90cl_0000.dat
LHAPDF 6.1.6 loading /usr/local/share/LHAPDF/MSTW2008nlo90cl/MSTW2008nlo90cl_0000.dat
MSTW2008nlo90cl PDF set, member #0, version 3; LHAPDF ID = 21150
LHAPDF 6.1.6 loading /usr/local/share/LHAPDF/MSTW2008nlo90cl/MSTW2008nlo90cl_0000.dat
MSTW2008nlo90cl PDF set, member #0, version 3; LHAPDF ID = 21150
MSTW2008nlo90cl PDF set, member #0, version 3; LHAPDF ID = 21150
LHAPDF 6.1.6 loading /usr/local/share/LHAPDF/MSTW2008nlo90cl/MSTW2008nlo90cl_0000.dat
LHAPDF 6.1.6 loading /usr/local/share/LHAPDF/MSTW2008nlo90cl/MSTW2008nlo90cl_0000.dat
MSTW2008nlo90cl PDF set, member #0, version 3; LHAPDF ID = 21150
MSTW2008nlo90cl PDF set, member #0, version 3; LHAPDF ID = 21150
MSTW2008nlo90cl PDF set, member #0, version 3; LHAPDF ID = 21150
LHAPDF 6.1.6 loading /usr/local/share/LHAPDF/MSTW2008nlo90cl/MSTW2008nlo90cl_0000.dat
MSTW2008nlo90cl PDF set, member #0, version 3; LHAPDF ID = 21150
LHAPDF 6.1.6 loading /usr/local/share/LHAPDF/MSTW2008nlo90cl/MSTW2008nlo90cl_0000.dat
MSTW2008nlo90cl PDF set, member #0, version 3; LHAPDF ID = 21150
[INFO] int5D(Dvegas): [0]  1.546248e-01 ± 3.301565e-05 (0.021%) chi2/it: 0.751
[SUCC] /home/Felix/Physik/PhD/data/PLB353-535-MSTW2008nlo90cl/FGc_x-85_q2-250_0.dat
LHAPDF 6.1.6 loading /usr/local/share/LHAPDF/MSTW2008nlo90cl/MSTW2008nlo90cl_0000.dat
MSTW2008nlo90cl PDF set, member #0, version 3; LHAPDF ID = 21150
[INFO] int5D(Dvegas): [0]  2.153192e-01 ± 4.919855e-05 (0.023%) chi2/it: 0.898
[SUCC] /home/Felix/Physik/PhD/data/PLB353-535-MSTW2008nlo90cl/FGc_x-85_q2-500_0.dat
LHAPDF 6.1.6 loading /usr/local/share/LHAPDF/MSTW2008nlo90cl/MSTW2008nlo90cl_0000.dat
MSTW2008nlo90cl PDF set, member #0, version 3; LHAPDF ID = 21150
[INFO] int5D(Dvegas): [0]  7.773897e-02 ± 1.564615e-05 (0.020%) chi2/it: 0.519
[SUCC] /home/Felix/Physik/PhD/data/PLB353-535-MSTW2008nlo90cl/FGc_x-85_q2-85_0.dat
LHAPDF 6.1.6 loading /usr/local/share/LHAPDF/MSTW2008nlo90cl/MSTW2008nlo90cl_0000.dat
MSTW2008nlo90cl PDF set, member #0, version 3; LHAPDF ID = 21150
[INFO] int5D(Dvegas): [0]  9.979327e-02 ± 2.036456e-05 (0.020%) chi2/it: 0.583
[SUCC] /home/Felix/Physik/PhD/data/PLB353-535-MSTW2008nlo90cl/FGc_x-85_q2-120_0.dat
LHAPDF 6.1.6 loading /usr/local/share/LHAPDF/MSTW2008nlo90cl/MSTW2008nlo90cl_0000.dat
MSTW2008nlo90cl PDF set, member #0, version 3; LHAPDF ID = 21150
[INFO] int5D(Dvegas): [2]  1.928726e-02 ± 2.097059e-06 (0.011%) chi2/it: 1.021
[SUCC] /home/Felix/Physik/PhD/data/PLB353-535-MSTW2008nlo90cl/FLc_x-85_q2-120_0.dat
LHAPDF 6.1.6 loading /usr/local/share/LHAPDF/MSTW2008nlo90cl/MSTW2008nlo90cl_0000.dat
MSTW2008nlo90cl PDF set, member #0, version 3; LHAPDF ID = 21150
[INFO] int5D(Dvegas): [2]  1.243818e-02 ± 1.350030e-06 (0.011%) chi2/it: 1.013
[SUCC] /home/Felix/Physik/PhD/data/PLB353-535-MSTW2008nlo90cl/FLc_x-85_q2-85_0.dat
LHAPDF 6.1.6 loading /usr/local/share/LHAPDF/MSTW2008nlo90cl/MSTW2008nlo90cl_0000.dat
MSTW2008nlo90cl PDF set, member #0, version 3; LHAPDF ID = 21150
[INFO] int5D(Dvegas): [1]  3.992184e-02 ± 4.223748e-06 (0.011%) chi2/it: 0.532
[SUCC] /home/Felix/Physik/PhD/data/PLB353-535-MSTW2008nlo90cl/FLc_x-85_q2-250_0.dat
LHAPDF 6.1.6 loading /usr/local/share/LHAPDF/MSTW2008nlo90cl/MSTW2008nlo90cl_0000.dat
MSTW2008nlo90cl PDF set, member #0, version 3; LHAPDF ID = 21150
[INFO] int5D(Dvegas): [0]  6.352215e-02 ± 6.705889e-06 (0.011%) chi2/it: 0.926
[SUCC] /home/Felix/Physik/PhD/data/PLB353-535-MSTW2008nlo90cl/FLc_x-85_q2-500_0.dat
LHAPDF 6.1.6 loading /usr/local/share/LHAPDF/MSTW2008nlo90cl/MSTW2008nlo90cl_0000.dat
MSTW2008nlo90cl PDF set, member #0, version 3; LHAPDF ID = 21150
[INFO] int5D(Dvegas): [0]  1.214464e-01 ± 2.593137e-05 (0.021%) chi2/it: 0.751
[SUCC] /home/Felix/Physik/PhD/data/PLB353-535-MSTW2008nlo90cl/FGc_x-85_q2-250_1.dat
LHAPDF 6.1.6 loading /usr/local/share/LHAPDF/MSTW2008nlo90cl/MSTW2008nlo90cl_0000.dat
MSTW2008nlo90cl PDF set, member #0, version 3; LHAPDF ID = 21150
[INFO] int5D(Dvegas): [0]  1.708889e-01 ± 3.904663e-05 (0.023%) chi2/it: 0.898
[SUCC] /home/Felix/Physik/PhD/data/PLB353-535-MSTW2008nlo90cl/FGc_x-85_q2-500_1.dat
LHAPDF 6.1.6 loading /usr/local/share/LHAPDF/MSTW2008nlo90cl/MSTW2008nlo90cl_0000.dat
MSTW2008nlo90cl PDF set, member #0, version 3; LHAPDF ID = 21150
[INFO] int5D(Dvegas): [0]  7.761286e-02 ± 1.583826e-05 (0.020%) chi2/it: 0.583
[SUCC] /home/Felix/Physik/PhD/data/PLB353-535-MSTW2008nlo90cl/FGc_x-85_q2-120_1.dat
LHAPDF 6.1.6 loading /usr/local/share/LHAPDF/MSTW2008nlo90cl/MSTW2008nlo90cl_0000.dat
MSTW2008nlo90cl PDF set, member #0, version 3; LHAPDF ID = 21150
[INFO] int5D(Dvegas): [0]  6.022484e-02 ± 1.212117e-05 (0.020%) chi2/it: 0.519
[SUCC] /home/Felix/Physik/PhD/data/PLB353-535-MSTW2008nlo90cl/FGc_x-85_q2-85_1.dat
LHAPDF 6.1.6 loading /usr/local/share/LHAPDF/MSTW2008nlo90cl/MSTW2008nlo90cl_0000.dat
MSTW2008nlo90cl PDF set, member #0, version 3; LHAPDF ID = 21150
[INFO] int5D(Dvegas): [1]  1.253590e-01 ± 2.628416e-05 (0.021%) chi2/it: 1.056
[SUCC] /home/Felix/Physik/PhD/data/PLB353-535-MSTW2008nlo90cl/FGc_x-42_q2-120_0.dat
LHAPDF 6.1.6 loading /usr/local/share/LHAPDF/MSTW2008nlo90cl/MSTW2008nlo90cl_0000.dat
MSTW2008nlo90cl PDF set, member #0, version 3; LHAPDF ID = 21150
[INFO] int5D(Dvegas): [1]  7.921368e-02 ± 1.560501e-05 (0.020%) chi2/it: 1.003
[SUCC] /home/Felix/Physik/PhD/data/PLB353-535-MSTW2008nlo90cl/FGc_x-160_q2-120_0.dat
LHAPDF 6.1.6 loading /usr/local/share/LHAPDF/MSTW2008nlo90cl/MSTW2008nlo90cl_0000.dat
MSTW2008nlo90cl PDF set, member #0, version 3; LHAPDF ID = 21150
[INFO] int5D(Dvegas): [0]  6.360041e-02 ± 1.227475e-05 (0.019%) chi2/it: 0.817
[SUCC] /home/Felix/Physik/PhD/data/PLB353-535-MSTW2008nlo90cl/FGc_x-270_q2-120_0.dat
LHAPDF 6.1.6 loading /usr/local/share/LHAPDF/MSTW2008nlo90cl/MSTW2008nlo90cl_0000.dat
MSTW2008nlo90cl PDF set, member #0, version 3; LHAPDF ID = 21150
[INFO] int5D(Dvegas): [0]  5.041497e-02 ± 5.279009e-06 (0.010%) chi2/it: 1.136
[SUCC] /home/Felix/Physik/PhD/data/PLB353-535-MSTW2008nlo90cl/FLc_x-85_q2-500_1.dat
LHAPDF 6.1.6 loading /usr/local/share/LHAPDF/MSTW2008nlo90cl/MSTW2008nlo90cl_0000.dat
MSTW2008nlo90cl PDF set, member #0, version 3; LHAPDF ID = 21150
[INFO] int5D(Dvegas): [2]  2.368224e-02 ± 2.617525e-06 (0.011%) chi2/it: 0.714
[SUCC] /home/Felix/Physik/PhD/data/PLB353-535-MSTW2008nlo90cl/FLc_x-42_q2-120_0.dat
LHAPDF 6.1.6 loading /usr/local/share/LHAPDF/MSTW2008nlo90cl/MSTW2008nlo90cl_0000.dat
MSTW2008nlo90cl PDF set, member #0, version 3; LHAPDF ID = 21150
[INFO] int5D(Dvegas): [0]  1.575072e-02 ± 1.690375e-06 (0.011%) chi2/it: 1.055
[SUCC] /home/Felix/Physik/PhD/data/PLB353-535-MSTW2008nlo90cl/FLc_x-160_q2-120_0.dat
LHAPDF 6.1.6 loading /usr/local/share/LHAPDF/MSTW2008nlo90cl/MSTW2008nlo90cl_0000.dat
MSTW2008nlo90cl PDF set, member #0, version 3; LHAPDF ID = 21150
[INFO] int5D(Dvegas): [1]  3.135568e-02 ± 3.317444e-06 (0.011%) chi2/it: 0.532
[SUCC] /home/Felix/Physik/PhD/data/PLB353-535-MSTW2008nlo90cl/FLc_x-85_q2-250_1.dat
LHAPDF 6.1.6 loading /usr/local/share/LHAPDF/MSTW2008nlo90cl/MSTW2008nlo90cl_0000.dat
MSTW2008nlo90cl PDF set, member #0, version 3; LHAPDF ID = 21150
[INFO] int5D(Dvegas): [0]  1.303603e-02 ± 1.409345e-06 (0.011%) chi2/it: 0.878
[SUCC] /home/Felix/Physik/PhD/data/PLB353-535-MSTW2008nlo90cl/FLc_x-270_q2-120_0.dat
LHAPDF 6.1.6 loading /usr/local/share/LHAPDF/MSTW2008nlo90cl/MSTW2008nlo90cl_0000.dat
MSTW2008nlo90cl PDF set, member #0, version 3; LHAPDF ID = 21150
[INFO] int5D(Dvegas): [0]  4.946436e-02 ± 9.546524e-06 (0.019%) chi2/it: 0.817
[SUCC] /home/Felix/Physik/PhD/data/PLB353-535-MSTW2008nlo90cl/FGc_x-270_q2-120_1.dat
[INFO] int5D(Dvegas): [0]  1.841881e-02 ± 1.979777e-06 (0.011%) chi2/it: 1.356
[SUCC] /home/Felix/Physik/PhD/data/PLB353-535-MSTW2008nlo90cl/FLc_x-42_q2-120_1.dat
[INFO] int5D(Dvegas): [0]  1.224993e-02 ± 1.321414e-06 (0.011%) chi2/it: 1.363
[SUCC] /home/Felix/Physik/PhD/data/PLB353-535-MSTW2008nlo90cl/FLc_x-160_q2-120_1.dat
[INFO] int5D(Dvegas): [2]  1.500040e-02 ± 1.630959e-06 (0.011%) chi2/it: 1.021
[SUCC] /home/Felix/Physik/PhD/data/PLB353-535-MSTW2008nlo90cl/FLc_x-85_q2-120_1.dat
[INFO] int5D(Dvegas): [2]  9.635928e-03 ± 1.045876e-06 (0.011%) chi2/it: 1.013
[SUCC] /home/Felix/Physik/PhD/data/PLB353-535-MSTW2008nlo90cl/FLc_x-85_q2-85_1.dat
[INFO] int5D(Dvegas): [1]  6.160736e-02 ± 1.213658e-05 (0.020%) chi2/it: 1.003
[SUCC] /home/Felix/Physik/PhD/data/PLB353-535-MSTW2008nlo90cl/FGc_x-160_q2-120_1.dat
[INFO] int5D(Dvegas): [1]  9.749624e-02 ± 2.044215e-05 (0.021%) chi2/it: 1.056
[SUCC] /home/Felix/Physik/PhD/data/PLB353-535-MSTW2008nlo90cl/FGc_x-42_q2-120_1.dat
[INFO] int5D(Dvegas): [0]  1.013886e-02 ± 1.086287e-06 (0.011%) chi2/it: 1.107
[SUCC] /home/Felix/Physik/PhD/data/PLB353-535-MSTW2008nlo90cl/FLc_x-270_q2-120_1.dat


