[INFO] m2 = 2.25, q2 = -10, proj = L
LHAPDF 6.1.6 loading /usr/local/share/LHAPDF/MSTW2008nlo90cl/MSTW2008nlo90cl_0000.dat
MSTW2008nlo90cl PDF set, member #0, version 3; LHAPDF ID = 21150
LHAPDF 6.1.6 loading /usr/local/share/LHAPDF/MSTW2008nlo90cl/MSTW2008nlo90cl_0000.dat
MSTW2008nlo90cl PDF set, member #0, version 3; LHAPDF ID = 21150
===================================================
iteration with 1000000 shots
integral: 0.0269869 +/- 0.0019793   (7.33428%)
positive: 82433.3
negative: -55446.4
===================================================
===================================================
iteration with 1000000 shots
integral: 0.0268851 +/- 0.000596063   (2.21708%)
positive: 82031.6
negative: -55146.5
===================================================
***************************************************
integral: 0.0268936 +/- 0.000570744   (2.12223%)
chi^2/iteration: 0.00242549 based on 2 iterations
***************************************************
===================================================
iteration with 1000000 shots
integral: 0.0273921 +/- 0.000325447   (1.18811%)
positive: 82189.9
negative: -54797.9
===================================================
***************************************************
integral: 0.0272698 +/- 0.000282715   (1.03673%)
chi^2/iteration: 0.28909 based on 3 iterations
***************************************************
===================================================
iteration with 1000000 shots
integral: 0.0274663 +/- 0.000283847   (1.03344%)
positive: 82426.2
negative: -54959.9
===================================================
***************************************************
integral: 0.0273677 +/- 0.000200309   (0.731918%)
chi^2/iteration: 0.272971 based on 4 iterations
***************************************************
===================================================
iteration with 1000000 shots
integral: 0.0270993 +/- 0.000272484   (1.0055%)
positive: 82255.7
negative: -55156.4
===================================================
***************************************************
integral: 0.0272735 +/- 0.000161392   (0.591754%)
chi^2/iteration: 0.36213 based on 5 iterations
***************************************************
[INFO] int5D(Dvegas): [0]  2.727351e-02 ± 1.613922e-04 (0.592%) chi2/it: 0.362
2.735433e-02	2.727351e-02	8.081333e-05	2.954316e-03
Thanks for using LHAPDF 6.1.6. Please make sure to cite the paper:
  Eur.Phys.J. C75 (2015) 3, 132  (http://arxiv.org/abs/1412.7420)
Press ENTER to continue...


