[INFO] m2 = 2.25, q2 = -10, proj = L
LHAPDF 6.1.6 loading /usr/local/share/LHAPDF/MSTW2008nlo90cl/MSTW2008nlo90cl_0000.dat
MSTW2008nlo90cl PDF set, member #0, version 3; LHAPDF ID = 21150
LHAPDF 6.1.6 loading /usr/local/share/LHAPDF/MSTW2008nlo90cl/MSTW2008nlo90cl_0000.dat
MSTW2008nlo90cl PDF set, member #0, version 3; LHAPDF ID = 21150
===================================================
iteration with 2000000 shots
integral: 0.0249688 +/- 0.00155248   (6.21767%)
positive: 163622
negative: -113684
===================================================
===================================================
iteration with 2000000 shots
integral: 0.0270903 +/- 0.000360058   (1.3291%)
positive: 163627
negative: -109446
===================================================
***************************************************
integral: 0.026982 +/- 0.000350748   (1.29993%)
chi^2/iteration: 1.77204 based on 2 iterations
***************************************************
===================================================
iteration with 2000000 shots
integral: 0.0270574 +/- 0.000211881   (0.783081%)
positive: 164136
negative: -110021
===================================================
***************************************************
integral: 0.0270372 +/- 0.000181359   (0.670775%)
chi^2/iteration: 0.902912 based on 3 iterations
***************************************************
===================================================
iteration with 2000000 shots
integral: 0.027488 +/- 0.000192545   (0.700469%)
positive: 164315
negative: -109339
===================================================
***************************************************
integral: 0.0272491 +/- 0.000132018   (0.484484%)
chi^2/iteration: 1.5701 based on 4 iterations
***************************************************
===================================================
iteration with 2000000 shots
integral: 0.0273713 +/- 0.000188764   (0.689642%)
positive: 164571
negative: -109829
===================================================
***************************************************
integral: 0.0272893 +/- 0.000108185   (0.396436%)
chi^2/iteration: 1.24788 based on 5 iterations
***************************************************
===================================================
iteration with 2000000 shots
integral: 0.0271865 +/- 0.000188566   (0.693602%)
positive: 164427
negative: -110053
===================================================
***************************************************
integral: 0.0272638 +/- 9.38377e-05   (0.344184%)
chi^2/iteration: 1.04296 based on 6 iterations
***************************************************
===================================================
iteration with 2000000 shots
integral: 0.027253 +/- 0.000187912   (0.689509%)
positive: 164336
negative: -109830
===================================================
***************************************************
integral: 0.0272617 +/- 8.39521e-05   (0.307949%)
chi^2/iteration: 0.869579 based on 7 iterations
***************************************************
===================================================
iteration with 2000000 shots
integral: 0.0274055 +/- 0.000187405   (0.683824%)
positive: 164113
negative: -109302
===================================================
***************************************************
integral: 0.0272857 +/- 7.66158e-05   (0.280791%)
chi^2/iteration: 0.815433 based on 8 iterations
***************************************************
===================================================
iteration with 2000000 shots
integral: 0.0276403 +/- 0.000187498   (0.678352%)
positive: 164613
negative: -109332
===================================================
***************************************************
integral: 0.0273364 +/- 7.09232e-05   (0.259446%)
chi^2/iteration: 1.09654 based on 9 iterations
***************************************************
===================================================
iteration with 2000000 shots
integral: 0.0274051 +/- 0.000187855   (0.685475%)
positive: 164593
negative: -109783
===================================================
***************************************************
integral: 0.027345 +/- 6.63518e-05   (0.242647%)
chi^2/iteration: 0.987691 based on 10 iterations
***************************************************
[INFO] int5D(Dvegas): [0]  2.734500e-02 ± 6.635183e-05 (0.243%) chi2/it: 0.988
2.735433e-02	2.734500e-02	9.323689e-06	3.408488e-04
Thanks for using LHAPDF 6.1.6. Please make sure to cite the paper:
  Eur.Phys.J. C75 (2015) 3, 132  (http://arxiv.org/abs/1412.7420)
Press ENTER to continue...


