[INFO] m2 = 2.25, q2 = -10, proj = L
LHAPDF 6.1.6 loading /usr/local/share/LHAPDF/MSTW2008nlo90cl/MSTW2008nlo90cl_0000.dat
MSTW2008nlo90cl PDF set, member #0, version 3; LHAPDF ID = 21150
LHAPDF 6.1.6 loading /usr/local/share/LHAPDF/MSTW2008nlo90cl/MSTW2008nlo90cl_0000.dat
MSTW2008nlo90cl PDF set, member #0, version 3; LHAPDF ID = 21150
===================================================
iteration with 4000000 shots
integral: 0.0332935 +/- 0.0036353   (10.919%)
positive: 331808
negative: -198634
===================================================
===================================================
iteration with 4000000 shots
integral: 0.027335 +/- 0.000575242   (2.10442%)
positive: 327740
negative: -218400
===================================================
***************************************************
integral: 0.0274805 +/- 0.000568172   (2.06754%)
chi^2/iteration: 2.62091 based on 2 iterations
***************************************************
===================================================
iteration with 4000000 shots
integral: 0.0272737 +/- 0.000182785   (0.670186%)
positive: 328796
negative: -219702
===================================================
***************************************************
integral: 0.0272931 +/- 0.000174002   (0.637531%)
chi^2/iteration: 1.37049 based on 3 iterations
***************************************************
===================================================
iteration with 4000000 shots
integral: 0.0273261 +/- 0.000139391   (0.510104%)
positive: 328480
negative: -219176
===================================================
***************************************************
integral: 0.0273132 +/- 0.000108788   (0.3983%)
chi^2/iteration: 0.920937 based on 4 iterations
***************************************************
===================================================
iteration with 4000000 shots
integral: 0.0275752 +/- 0.000134698   (0.488476%)
positive: 329475
negative: -219174
===================================================
***************************************************
integral: 0.0274166 +/- 8.4633e-05   (0.308692%)
chi^2/iteration: 1.26332 based on 5 iterations
***************************************************
===================================================
iteration with 4000000 shots
integral: 0.0273877 +/- 0.00013292   (0.485326%)
positive: 328312
negative: -218761
===================================================
***************************************************
integral: 0.0274083 +/- 7.139e-05   (0.260469%)
chi^2/iteration: 1.0174 based on 6 iterations
***************************************************
===================================================
iteration with 4000000 shots
integral: 0.0272625 +/- 0.000132585   (0.486325%)
positive: 328341
negative: -219291
===================================================
***************************************************
integral: 0.0273755 +/- 6.28571e-05   (0.229611%)
chi^2/iteration: 1.00395 based on 7 iterations
***************************************************
===================================================
iteration with 4000000 shots
integral: 0.0273159 +/- 0.000132506   (0.485087%)
positive: 328314
negative: -219050
===================================================
***************************************************
integral: 0.0273646 +/- 5.67913e-05   (0.207536%)
chi^2/iteration: 0.884156 based on 8 iterations
***************************************************
===================================================
iteration with 4000000 shots
integral: 0.0273528 +/- 0.000132198   (0.483307%)
positive: 328353
negative: -218942
===================================================
***************************************************
integral: 0.0273627 +/- 5.21801e-05   (0.190698%)
chi^2/iteration: 0.774467 based on 9 iterations
***************************************************
===================================================
iteration with 4000000 shots
integral: 0.0272786 +/- 0.000132469   (0.485616%)
positive: 328431
negative: -219316
===================================================
***************************************************
integral: 0.0273514 +/- 4.85494e-05   (0.177502%)
chi^2/iteration: 0.727223 based on 10 iterations
***************************************************
[INFO] int5D(Dvegas): [0]  2.735145e-02 ± 4.854940e-05 (0.178%) chi2/it: 0.727
2.735433e-02	2.735145e-02	2.880338e-06	1.052974e-04
Thanks for using LHAPDF 6.1.6. Please make sure to cite the paper:
  Eur.Phys.J. C75 (2015) 3, 132  (http://arxiv.org/abs/1412.7420)
Press ENTER to continue...


