[INFO] m2 = 2.25, q2 = -10, proj = L
LHAPDF 6.1.6 loading /usr/local/share/LHAPDF/MSTW2008nlo90cl/MSTW2008nlo90cl_0000.dat
MSTW2008nlo90cl PDF set, member #0, version 3; LHAPDF ID = 21150
LHAPDF 6.1.6 loading /usr/local/share/LHAPDF/MSTW2008nlo90cl/MSTW2008nlo90cl_0000.dat
MSTW2008nlo90cl PDF set, member #0, version 3; LHAPDF ID = 21150
===================================================
iteration with 1000000 shots
integral: 0.0230143 +/- 0.00293166   (12.7384%)
positive: 82224.6
negative: -59210.3
===================================================
===================================================
iteration with 1000000 shots
integral: 0.027764 +/- 0.000613989   (2.21146%)
positive: 82687.7
negative: -54923.7
===================================================
***************************************************
integral: 0.0275644 +/- 0.000600951   (2.18017%)
chi^2/iteration: 2.51455 based on 2 iterations
***************************************************
===================================================
iteration with 1000000 shots
integral: 0.0274167 +/- 0.000307656   (1.12215%)
positive: 82307.2
negative: -54890.5
===================================================
***************************************************
integral: 0.0274474 +/- 0.000273854   (0.997743%)
chi^2/iteration: 1.28122 based on 3 iterations
***************************************************
===================================================
iteration with 1000000 shots
integral: 0.027526 +/- 0.000275242   (0.999935%)
positive: 82430.3
negative: -54904.3
===================================================
***************************************************
integral: 0.0274865 +/- 0.000194133   (0.706285%)
chi^2/iteration: 0.86781 based on 4 iterations
***************************************************
===================================================
iteration with 1000000 shots
integral: 0.0270637 +/- 0.000267397   (0.98803%)
positive: 82160.9
negative: -55097.2
===================================================
***************************************************
integral: 0.0273406 +/- 0.000157097   (0.574592%)
chi^2/iteration: 1.06009 based on 5 iterations
***************************************************
===================================================
iteration with 1000000 shots
integral: 0.0273035 +/- 0.000265236   (0.971433%)
positive: 81994.1
negative: -54690.6
===================================================
***************************************************
integral: 0.0273309 +/- 0.000135167   (0.494556%)
chi^2/iteration: 0.850951 based on 6 iterations
***************************************************
===================================================
iteration with 1000000 shots
integral: 0.0276892 +/- 0.000265525   (0.958946%)
positive: 82355.6
negative: -54666.3
===================================================
***************************************************
integral: 0.0274047 +/- 0.000120457   (0.439551%)
chi^2/iteration: 0.950141 based on 7 iterations
***************************************************
===================================================
iteration with 1000000 shots
integral: 0.0271854 +/- 0.000264423   (0.972664%)
positive: 81878.5
negative: -54693.1
===================================================
***************************************************
integral: 0.027367 +/- 0.000109619   (0.400552%)
chi^2/iteration: 0.89575 based on 8 iterations
***************************************************
===================================================
iteration with 1000000 shots
integral: 0.0274307 +/- 0.000265486   (0.967841%)
positive: 82286.1
negative: -54855.4
===================================================
***************************************************
integral: 0.0273763 +/- 0.000101322   (0.370108%)
chi^2/iteration: 0.789936 based on 9 iterations
***************************************************
===================================================
iteration with 1000000 shots
integral: 0.0272712 +/- 0.000265415   (0.973246%)
positive: 82253.9
negative: -54982.7
===================================================
***************************************************
integral: 0.0273629 +/- 9.46588e-05   (0.345938%)
chi^2/iteration: 0.717377 based on 10 iterations
***************************************************
===================================================
iteration with 1000000 shots
integral: 0.0269628 +/- 0.000265827   (0.985906%)
positive: 82068.2
negative: -55105.4
===================================================
***************************************************
integral: 0.0273179 +/- 8.91739e-05   (0.32643%)
chi^2/iteration: 0.846742 based on 11 iterations
***************************************************
===================================================
iteration with 1000000 shots
integral: 0.0273282 +/- 0.000265904   (0.973003%)
positive: 82285.8
negative: -54957.6
===================================================
***************************************************
integral: 0.0273189 +/- 8.45462e-05   (0.309478%)
chi^2/iteration: 0.769889 based on 12 iterations
***************************************************
===================================================
iteration with 1000000 shots
integral: 0.0272465 +/- 0.00026531   (0.973737%)
positive: 82202
negative: -54955.4
===================================================
***************************************************
integral: 0.0273123 +/- 8.05549e-05   (0.29494%)
chi^2/iteration: 0.711363 based on 13 iterations
***************************************************
===================================================
iteration with 1000000 shots
integral: 0.0272835 +/- 0.000265748   (0.974025%)
positive: 82145.6
negative: -54862.1
===================================================
***************************************************
integral: 0.0273098 +/- 7.7091e-05   (0.282283%)
chi^2/iteration: 0.657465 based on 14 iterations
***************************************************
===================================================
iteration with 1000000 shots
integral: 0.0272246 +/- 0.000265349   (0.974667%)
positive: 82105.2
negative: -54880.6
===================================================
***************************************************
integral: 0.0273032 +/- 7.403e-05   (0.27114%)
chi^2/iteration: 0.617305 based on 15 iterations
***************************************************
===================================================
iteration with 1000000 shots
integral: 0.0275487 +/- 0.000264201   (0.959032%)
positive: 81974.4
negative: -54425.7
===================================================
***************************************************
integral: 0.0273211 +/- 7.12844e-05   (0.260914%)
chi^2/iteration: 0.629522 based on 16 iterations
***************************************************
===================================================
iteration with 1000000 shots
integral: 0.027835 +/- 0.000265935   (0.955398%)
positive: 82570.8
negative: -54735.8
===================================================
***************************************************
integral: 0.0273555 +/- 6.88537e-05   (0.251699%)
chi^2/iteration: 0.807939 based on 17 iterations
***************************************************
===================================================
iteration with 1000000 shots
integral: 0.0274218 +/- 0.000264667   (0.96517%)
positive: 82031
negative: -54609.2
===================================================
***************************************************
integral: 0.0273597 +/- 6.66357e-05   (0.243554%)
chi^2/iteration: 0.763868 based on 18 iterations
***************************************************
===================================================
iteration with 1000000 shots
integral: 0.0274666 +/- 0.000265743   (0.967512%)
positive: 82360
negative: -54893.5
===================================================
***************************************************
integral: 0.027366 +/- 6.46347e-05   (0.236186%)
chi^2/iteration: 0.729884 based on 19 iterations
***************************************************
===================================================
iteration with 1000000 shots
integral: 0.0273153 +/- 0.000266375   (0.975186%)
positive: 82210.3
negative: -54895
===================================================
***************************************************
integral: 0.0273632 +/- 6.2812e-05   (0.229549%)
chi^2/iteration: 0.693274 based on 20 iterations
***************************************************
[INFO] int5D(Dvegas): [0]  2.736322e-02 ± 6.281201e-05 (0.230%) chi2/it: 0.693
2.735433e-02	2.736322e-02	-8.897576e-06	-3.252713e-04
Thanks for using LHAPDF 6.1.6. Please make sure to cite the paper:
  Eur.Phys.J. C75 (2015) 3, 132  (http://arxiv.org/abs/1412.7420)
Press ENTER to continue...


