[INFO] m2 = 2.25, q2 = -10, proj = L
LHAPDF 6.1.6 loading /usr/local/share/LHAPDF/MSTW2008nlo90cl/MSTW2008nlo90cl_0000.dat
MSTW2008nlo90cl PDF set, member #0, version 3; LHAPDF ID = 21150
LHAPDF 6.1.6 loading /usr/local/share/LHAPDF/MSTW2008nlo90cl/MSTW2008nlo90cl_0000.dat
MSTW2008nlo90cl PDF set, member #0, version 3; LHAPDF ID = 21150
===================================================
iteration with 2000000 shots
integral: 0.0268265 +/- 0.00132811   (4.95072%)
positive: 164485
negative: -110832
===================================================
===================================================
iteration with 2000000 shots
integral: 0.0273364 +/- 0.000413545   (1.5128%)
positive: 164850
negative: -110177
===================================================
***************************************************
integral: 0.0272913 +/- 0.000394846   (1.44678%)
chi^2/iteration: 0.134352 based on 2 iterations
***************************************************
===================================================
iteration with 2000000 shots
integral: 0.0274027 +/- 0.00022202   (0.810211%)
positive: 164386
negative: -109581
===================================================
***************************************************
integral: 0.0273759 +/- 0.000193524   (0.706912%)
chi^2/iteration: 0.097397 based on 3 iterations
***************************************************
===================================================
iteration with 2000000 shots
integral: 0.0273888 +/- 0.000198239   (0.723797%)
positive: 164098
negative: -109320
===================================================
***************************************************
integral: 0.0273822 +/- 0.000138479   (0.505727%)
chi^2/iteration: 0.0656476 based on 4 iterations
***************************************************
===================================================
iteration with 2000000 shots
integral: 0.0274574 +/- 0.000191963   (0.699129%)
positive: 164717
negative: -109802
===================================================
***************************************************
integral: 0.0274079 +/- 0.000112307   (0.40976%)
chi^2/iteration: 0.0744732 based on 5 iterations
***************************************************
[INFO] int5D(Dvegas): [0]  2.740794e-02 ± 1.123067e-04 (0.410%) chi2/it: 0.074
2.735433e-02	2.740794e-02	-5.361548e-05	-1.960037e-03
Thanks for using LHAPDF 6.1.6. Please make sure to cite the paper:
  Eur.Phys.J. C75 (2015) 3, 132  (http://arxiv.org/abs/1412.7420)
Press ENTER to continue...


