Felix@FHe15:~/Physik/PhD$ ./py/Harris.py 
[INFO] Computing files for Harris (PLB353-535 and PLB452-109) with MSTW2008nlo90cl ...
LHAPDF 6.1.6 loading /usr/local/share/LHAPDF/MSTW2008nlo90cl/MSTW2008nlo90cl_0000.dat
MSTW2008nlo90cl PDF set, member #0, version 3; LHAPDF ID = 21150
LHAPDF 6.1.6 loading /usr/local/share/LHAPDF/MSTW2008nlo90cl/MSTW2008nlo90cl_0000.dat
MSTW2008nlo90cl PDF set, member #0, version 3; LHAPDF ID = 21150
LHAPDF 6.1.6 loading /usr/local/share/LHAPDF/MSTW2008nlo90cl/MSTW2008nlo90cl_0000.dat
LHAPDF 6.1.6 loading /usr/local/share/LHAPDF/MSTW2008nlo90cl/MSTW2008nlo90cl_0000.dat
MSTW2008nlo90cl PDF set, member #0, version 3; LHAPDF ID = 21150
LHAPDF 6.1.6 loading /usr/local/share/LHAPDF/MSTW2008nlo90cl/MSTW2008nlo90cl_0000.dat
MSTW2008nlo90cl PDF set, member #0, version 3; LHAPDF ID = 21150
MSTW2008nlo90cl PDF set, member #0, version 3; LHAPDF ID = 21150
LHAPDF 6.1.6 loading /usr/local/share/LHAPDF/MSTW2008nlo90cl/MSTW2008nlo90cl_0000.dat
MSTW2008nlo90cl PDF set, member #0, version 3; LHAPDF ID = 21150
LHAPDF 6.1.6 loading /usr/local/share/LHAPDF/MSTW2008nlo90cl/MSTW2008nlo90cl_0000.dat
MSTW2008nlo90cl PDF set, member #0, version 3; LHAPDF ID = 21150
LHAPDF 6.1.6 loading /usr/local/share/LHAPDF/MSTW2008nlo90cl/MSTW2008nlo90cl_0000.dat
MSTW2008nlo90cl PDF set, member #0, version 3; LHAPDF ID = 21150
[INFO] int5D(Dvegas): [0]  9.979101e-02 ± 2.033173e-05 (0.020%) chi2/it: 0.806
[SUCC] FGc0(q2=-12,bjorkenX=0.00085)
LHAPDF 6.1.6 loading /usr/local/share/LHAPDF/MSTW2008nlo90cl/MSTW2008nlo90cl_0000.dat
MSTW2008nlo90cl PDF set, member #0, version 3; LHAPDF ID = 21150
[INFO] int5D(Dvegas): [0]  7.773696e-02 ± 1.561238e-05 (0.020%) chi2/it: 0.757
[SUCC] FGc0(q2=-8.5,bjorkenX=0.00085)
LHAPDF 6.1.6 loading /usr/local/share/LHAPDF/MSTW2008nlo90cl/MSTW2008nlo90cl_0000.dat
MSTW2008nlo90cl PDF set, member #0, version 3; LHAPDF ID = 21150
[INFO] int5D(Dvegas): [0]  2.153148e-01 ± 4.922891e-05 (0.023%) chi2/it: 1.137
[SUCC] FGc0(q2=-50,bjorkenX=0.00085)
LHAPDF 6.1.6 loading /usr/local/share/LHAPDF/MSTW2008nlo90cl/MSTW2008nlo90cl_0000.dat
MSTW2008nlo90cl PDF set, member #0, version 3; LHAPDF ID = 21150
[INFO] int5D(Dvegas): [0]  1.546218e-01 ± 3.301754e-05 (0.021%) chi2/it: 1.051
[SUCC] FGc0(q2=-25,bjorkenX=0.00085)
LHAPDF 6.1.6 loading /usr/local/share/LHAPDF/MSTW2008nlo90cl/MSTW2008nlo90cl_0000.dat
MSTW2008nlo90cl PDF set, member #0, version 3; LHAPDF ID = 21150
[INFO] int5D(Dvegas): [1]  1.928858e-02 ± 1.708238e-06 (0.009%) chi2/it: 1.103
[SUCC] FLc0(q2=-12,bjorkenX=0.00085)
LHAPDF 6.1.6 loading /usr/local/share/LHAPDF/MSTW2008nlo90cl/MSTW2008nlo90cl_0000.dat
MSTW2008nlo90cl PDF set, member #0, version 3; LHAPDF ID = 21150
[INFO] int5D(Dvegas): [1]  1.243900e-02 ± 1.094373e-06 (0.009%) chi2/it: 1.074
[SUCC] FLc0(q2=-8.5,bjorkenX=0.00085)
LHAPDF 6.1.6 loading /usr/local/share/LHAPDF/MSTW2008nlo90cl/MSTW2008nlo90cl_0000.dat
MSTW2008nlo90cl PDF set, member #0, version 3; LHAPDF ID = 21150
[INFO] int5D(Dvegas): [0]  3.992293e-02 ± 3.716375e-06 (0.009%) chi2/it: 0.742
[SUCC] FLc0(q2=-25,bjorkenX=0.00085)
LHAPDF 6.1.6 loading /usr/local/share/LHAPDF/MSTW2008nlo90cl/MSTW2008nlo90cl_0000.dat
MSTW2008nlo90cl PDF set, member #0, version 3; LHAPDF ID = 21150
[INFO] int5D(Dvegas): [1]  6.352782e-02 ± 5.450663e-06 (0.009%) chi2/it: 1.182
[SUCC] FLc0(q2=-50,bjorkenX=0.00085)
LHAPDF 6.1.6 loading /usr/local/share/LHAPDF/MSTW2008nlo90cl/MSTW2008nlo90cl_0000.dat
MSTW2008nlo90cl PDF set, member #0, version 3; LHAPDF ID = 21150
[INFO] int5D(Dvegas): [0]  1.927163e-01 ± 5.659970e-04 (0.294%) chi2/it: 0.725
[SUCC] FGc1(q2=-50,bjorkenX=0.00085)
LHAPDF 6.1.6 loading /usr/local/share/LHAPDF/MSTW2008nlo90cl/MSTW2008nlo90cl_0000.dat
MSTW2008nlo90cl PDF set, member #0, version 3; LHAPDF ID = 21150
[INFO] int5D(Dvegas): [0]  1.391929e-01 ± 3.797407e-04 (0.273%) chi2/it: 0.723
[SUCC] FGc1(q2=-25,bjorkenX=0.00085)
LHAPDF 6.1.6 loading /usr/local/share/LHAPDF/MSTW2008nlo90cl/MSTW2008nlo90cl_0000.dat
MSTW2008nlo90cl PDF set, member #0, version 3; LHAPDF ID = 21150
[INFO] int5D(Dvegas): [0]  7.217917e-02 ± 1.857046e-04 (0.257%) chi2/it: 0.716
[SUCC] FGc1(q2=-8.5,bjorkenX=0.00085)
LHAPDF 6.1.6 loading /usr/local/share/LHAPDF/MSTW2008nlo90cl/MSTW2008nlo90cl_0000.dat
MSTW2008nlo90cl PDF set, member #0, version 3; LHAPDF ID = 21150
[INFO] int5D(Dvegas): [0]  1.252769e-01 ± 2.643741e-05 (0.021%) chi2/it: 0.745
[SUCC] FGc0(q2=-12,bjorkenX=0.00042)
LHAPDF 6.1.6 loading /usr/local/share/LHAPDF/MSTW2008nlo90cl/MSTW2008nlo90cl_0000.dat
MSTW2008nlo90cl PDF set, member #0, version 3; LHAPDF ID = 21150
[INFO] int5D(Dvegas): [0]  9.152171e-02 ± 2.391456e-04 (0.261%) chi2/it: 0.725
[SUCC] FGc1(q2=-12,bjorkenX=0.00085)
LHAPDF 6.1.6 loading /usr/local/share/LHAPDF/MSTW2008nlo90cl/MSTW2008nlo90cl_0000.dat
MSTW2008nlo90cl PDF set, member #0, version 3; LHAPDF ID = 21150
[INFO] int5D(Dvegas): [0]  1.986100e-02 ± 5.209716e-05 (0.262%) chi2/it: 0.699
[SUCC] FLc1(q2=-12,bjorkenX=0.00085)
LHAPDF 6.1.6 loading /usr/local/share/LHAPDF/MSTW2008nlo90cl/MSTW2008nlo90cl_0000.dat
MSTW2008nlo90cl PDF set, member #0, version 3; LHAPDF ID = 21150
[INFO] int5D(Dvegas): [0]  1.308741e-02 ± 3.342675e-05 (0.255%) chi2/it: 0.470
[SUCC] FLc1(q2=-8.5,bjorkenX=0.00085)
LHAPDF 6.1.6 loading /usr/local/share/LHAPDF/MSTW2008nlo90cl/MSTW2008nlo90cl_0000.dat
MSTW2008nlo90cl PDF set, member #0, version 3; LHAPDF ID = 21150
[INFO] int5D(Dvegas): [0]  7.916614e-02 ± 1.564100e-05 (0.020%) chi2/it: 0.854
[SUCC] FGc0(q2=-12,bjorkenX=0.0016)
LHAPDF 6.1.6 loading /usr/local/share/LHAPDF/MSTW2008nlo90cl/MSTW2008nlo90cl_0000.dat
MSTW2008nlo90cl PDF set, member #0, version 3; LHAPDF ID = 21150
[INFO] int5D(Dvegas): [0]  6.357279e-02 ± 1.217118e-05 (0.019%) chi2/it: 0.876
[SUCC] FGc0(q2=-12,bjorkenX=0.0027)
LHAPDF 6.1.6 loading /usr/local/share/LHAPDF/MSTW2008nlo90cl/MSTW2008nlo90cl_0000.dat
MSTW2008nlo90cl PDF set, member #0, version 3; LHAPDF ID = 21150
[INFO] int5D(Dvegas): [0]  2.368294e-02 ± 2.186163e-06 (0.009%) chi2/it: 1.232
[SUCC] FLc0(q2=-12,bjorkenX=0.00042)
LHAPDF 6.1.6 loading /usr/local/share/LHAPDF/MSTW2008nlo90cl/MSTW2008nlo90cl_0000.dat
MSTW2008nlo90cl PDF set, member #0, version 3; LHAPDF ID = 21150
[INFO] int5D(Dvegas): [0]  1.575094e-02 ± 1.449724e-06 (0.009%) chi2/it: 1.248
[SUCC] FLc0(q2=-12,bjorkenX=0.0016)
LHAPDF 6.1.6 loading /usr/local/share/LHAPDF/MSTW2008nlo90cl/MSTW2008nlo90cl_0000.dat
MSTW2008nlo90cl PDF set, member #0, version 3; LHAPDF ID = 21150
[INFO] int5D(Dvegas): [0]  3.966504e-02 ± 1.234929e-04 (0.311%) chi2/it: 1.314
[SUCC] FLc1(q2=-25,bjorkenX=0.00085)
LHAPDF 6.1.6 loading /usr/local/share/LHAPDF/MSTW2008nlo90cl/MSTW2008nlo90cl_0000.dat
MSTW2008nlo90cl PDF set, member #0, version 3; LHAPDF ID = 21150
[INFO] int5D(Dvegas): [0]  6.143265e-02 ± 1.752915e-04 (0.285%) chi2/it: 1.430
[SUCC] FLc1(q2=-50,bjorkenX=0.00085)
LHAPDF 6.1.6 loading /usr/local/share/LHAPDF/MSTW2008nlo90cl/MSTW2008nlo90cl_0000.dat
MSTW2008nlo90cl PDF set, member #0, version 3; LHAPDF ID = 21150
[INFO] int5D(Dvegas): [2]  1.303579e-02 ± 1.258722e-06 (0.010%) chi2/it: 0.718
[SUCC] FLc0(q2=-12,bjorkenX=0.0027)
LHAPDF 6.1.6 loading /usr/local/share/LHAPDF/MSTW2008nlo90cl/MSTW2008nlo90cl_0000.dat
MSTW2008nlo90cl PDF set, member #0, version 3; LHAPDF ID = 21150
[INFO] int5D(Dvegas): [2]  1.491223e-03 ± 2.404246e-07 (0.016%) chi2/it: 1.316
[SUCC] FGb0(q2=-8.5,bjorkenX=0.00085)
LHAPDF 6.1.6 loading /usr/local/share/LHAPDF/MSTW2008nlo90cl/MSTW2008nlo90cl_0000.dat
MSTW2008nlo90cl PDF set, member #0, version 3; LHAPDF ID = 21150
[INFO] int5D(Dvegas): [1]  2.406528e-03 ± 4.017074e-07 (0.017%) chi2/it: 1.197
[SUCC] FGb0(q2=-12,bjorkenX=0.00085)
LHAPDF 6.1.6 loading /usr/local/share/LHAPDF/MSTW2008nlo90cl/MSTW2008nlo90cl_0000.dat
MSTW2008nlo90cl PDF set, member #0, version 3; LHAPDF ID = 21150
[INFO] int5D(Dvegas): [0]  2.432449e-02 ± 7.063778e-05 (0.290%) chi2/it: 0.993
[SUCC] FLc1(q2=-12,bjorkenX=0.00042)
LHAPDF 6.1.6 loading /usr/local/share/LHAPDF/MSTW2008nlo90cl/MSTW2008nlo90cl_0000.dat
MSTW2008nlo90cl PDF set, member #0, version 3; LHAPDF ID = 21150
[INFO] int5D(Dvegas): [0]  1.658159e-02 ± 3.831906e-05 (0.231%) chi2/it: 0.817
[SUCC] FLc1(q2=-12,bjorkenX=0.0016)
LHAPDF 6.1.6 loading /usr/local/share/LHAPDF/MSTW2008nlo90cl/MSTW2008nlo90cl_0000.dat
MSTW2008nlo90cl PDF set, member #0, version 3; LHAPDF ID = 21150
[INFO] int5D(Dvegas): [0]  1.135701e-01 ± 3.282265e-04 (0.289%) chi2/it: 0.788
[SUCC] FGc1(q2=-12,bjorkenX=0.00042)
LHAPDF 6.1.6 loading /usr/local/share/LHAPDF/MSTW2008nlo90cl/MSTW2008nlo90cl_0000.dat
MSTW2008nlo90cl PDF set, member #0, version 3; LHAPDF ID = 21150
[INFO] int5D(Dvegas): [0]  5.992411e-03 ± 1.095870e-06 (0.018%) chi2/it: 0.585
[SUCC] FGb0(q2=-25,bjorkenX=0.00085)
LHAPDF 6.1.6 loading /usr/local/share/LHAPDF/MSTW2008nlo90cl/MSTW2008nlo90cl_0000.dat
MSTW2008nlo90cl PDF set, member #0, version 3; LHAPDF ID = 21150
[INFO] int5D(Dvegas): [0]  6.189889e-02 ± 1.326639e-04 (0.214%) chi2/it: 1.949
[SUCC] FGc1(q2=-12,bjorkenX=0.0027)
LHAPDF 6.1.6 loading /usr/local/share/LHAPDF/MSTW2008nlo90cl/MSTW2008nlo90cl_0000.dat
MSTW2008nlo90cl PDF set, member #0, version 3; LHAPDF ID = 21150
[INFO] int5D(Dvegas): [0]  7.496533e-02 ± 1.706141e-04 (0.228%) chi2/it: 1.641
[SUCC] FGc1(q2=-12,bjorkenX=0.0016)
LHAPDF 6.1.6 loading /usr/local/share/LHAPDF/MSTW2008nlo90cl/MSTW2008nlo90cl_0000.dat
MSTW2008nlo90cl PDF set, member #0, version 3; LHAPDF ID = 21150
[INFO] int5D(Dvegas): [1]  1.237467e-02 ± 2.309185e-06 (0.019%) chi2/it: 0.775
[SUCC] FGb0(q2=-50,bjorkenX=0.00085)
LHAPDF 6.1.6 loading /usr/local/share/LHAPDF/MSTW2008nlo90cl/MSTW2008nlo90cl_0000.dat
MSTW2008nlo90cl PDF set, member #0, version 3; LHAPDF ID = 21150
[INFO] int5D(Dvegas): [0]  1.398841e-02 ± 3.065014e-05 (0.219%) chi2/it: 1.097
[SUCC] FLc1(q2=-12,bjorkenX=0.0027)
LHAPDF 6.1.6 loading /usr/local/share/LHAPDF/MSTW2008nlo90cl/MSTW2008nlo90cl_0000.dat
MSTW2008nlo90cl PDF set, member #0, version 3; LHAPDF ID = 21150
[INFO] int5D(Dvegas): [1]  4.035410e-05 ± 3.377810e-09 (0.008%) chi2/it: 0.793
[SUCC] FLb0(q2=-8.5,bjorkenX=0.00085)
LHAPDF 6.1.6 loading /usr/local/share/LHAPDF/MSTW2008nlo90cl/MSTW2008nlo90cl_0000.dat
MSTW2008nlo90cl PDF set, member #0, version 3; LHAPDF ID = 21150
[INFO] int5D(Dvegas): [0]  8.846888e-05 ± 7.965169e-09 (0.009%) chi2/it: 0.772
[SUCC] FLb0(q2=-12,bjorkenX=0.00085)
LHAPDF 6.1.6 loading /usr/local/share/LHAPDF/MSTW2008nlo90cl/MSTW2008nlo90cl_0000.dat
MSTW2008nlo90cl PDF set, member #0, version 3; LHAPDF ID = 21150
[INFO] int5D(Dvegas): [1]  4.122487e-04 ± 3.515078e-08 (0.009%) chi2/it: 1.204
[SUCC] FLb0(q2=-25,bjorkenX=0.00085)
LHAPDF 6.1.6 loading /usr/local/share/LHAPDF/MSTW2008nlo90cl/MSTW2008nlo90cl_0000.dat
MSTW2008nlo90cl PDF set, member #0, version 3; LHAPDF ID = 21150
[INFO] int5D(Dvegas): [0]  1.634009e-03 ± 2.276558e-06 (0.139%) chi2/it: 0.962
[SUCC] FGb1(q2=-8.5,bjorkenX=0.00085)
LHAPDF 6.1.6 loading /usr/local/share/LHAPDF/MSTW2008nlo90cl/MSTW2008nlo90cl_0000.dat
MSTW2008nlo90cl PDF set, member #0, version 3; LHAPDF ID = 21150
[INFO] int5D(Dvegas): [2]  1.455619e-03 ± 1.289806e-07 (0.009%) chi2/it: 0.934
[SUCC] FLb0(q2=-50,bjorkenX=0.00085)
LHAPDF 6.1.6 loading /usr/local/share/LHAPDF/MSTW2008nlo90cl/MSTW2008nlo90cl_0000.dat
MSTW2008nlo90cl PDF set, member #0, version 3; LHAPDF ID = 21150
[INFO] int5D(Dvegas): [0]  3.418468e-03 ± 6.283436e-07 (0.018%) chi2/it: 1.032
[SUCC] FGb0(q2=-12,bjorkenX=0.00042)
LHAPDF 6.1.6 loading /usr/local/share/LHAPDF/MSTW2008nlo90cl/MSTW2008nlo90cl_0000.dat
MSTW2008nlo90cl PDF set, member #0, version 3; LHAPDF ID = 21150
[INFO] int5D(Dvegas): [0]  2.629697e-03 ± 3.753019e-06 (0.143%) chi2/it: 1.129
[SUCC] FGb1(q2=-12,bjorkenX=0.00085)
LHAPDF 6.1.6 loading /usr/local/share/LHAPDF/MSTW2008nlo90cl/MSTW2008nlo90cl_0000.dat
MSTW2008nlo90cl PDF set, member #0, version 3; LHAPDF ID = 21150
[INFO] int5D(Dvegas): [0]  1.631338e-03 ± 2.588427e-07 (0.016%) chi2/it: 1.218
[SUCC] FGb0(q2=-12,bjorkenX=0.0016)
LHAPDF 6.1.6 loading /usr/local/share/LHAPDF/MSTW2008nlo90cl/MSTW2008nlo90cl_0000.dat
MSTW2008nlo90cl PDF set, member #0, version 3; LHAPDF ID = 21150
[INFO] int5D(Dvegas): [0]  5.762047e-05 ± 7.360455e-08 (0.128%) chi2/it: 0.698
[SUCC] FLb1(q2=-8.5,bjorkenX=0.00085)
LHAPDF 6.1.6 loading /usr/local/share/LHAPDF/MSTW2008nlo90cl/MSTW2008nlo90cl_0000.dat
MSTW2008nlo90cl PDF set, member #0, version 3; LHAPDF ID = 21150
[INFO] int5D(Dvegas): [0]  6.490126e-03 ± 1.054356e-05 (0.162%) chi2/it: 1.002
[SUCC] FGb1(q2=-25,bjorkenX=0.00085)
LHAPDF 6.1.6 loading /usr/local/share/LHAPDF/MSTW2008nlo90cl/MSTW2008nlo90cl_0000.dat
MSTW2008nlo90cl PDF set, member #0, version 3; LHAPDF ID = 21150
[INFO] int5D(Dvegas): [1]  1.095139e-03 ± 1.573524e-07 (0.014%) chi2/it: 1.169
[SUCC] FGb0(q2=-12,bjorkenX=0.0027)
LHAPDF 6.1.6 loading /usr/local/share/LHAPDF/MSTW2008nlo90cl/MSTW2008nlo90cl_0000.dat
MSTW2008nlo90cl PDF set, member #0, version 3; LHAPDF ID = 21150
[INFO] int5D(Dvegas): [0]  1.320915e-02 ± 2.297078e-05 (0.174%) chi2/it: 1.175
[SUCC] FGb1(q2=-50,bjorkenX=0.00085)
LHAPDF 6.1.6 loading /usr/local/share/LHAPDF/MSTW2008nlo90cl/MSTW2008nlo90cl_0000.dat
MSTW2008nlo90cl PDF set, member #0, version 3; LHAPDF ID = 21150
[INFO] int5D(Dvegas): [0]  1.201879e-04 ± 1.617231e-07 (0.135%) chi2/it: 0.952
[SUCC] FLb1(q2=-12,bjorkenX=0.00085)
LHAPDF 6.1.6 loading /usr/local/share/LHAPDF/MSTW2008nlo90cl/MSTW2008nlo90cl_0000.dat
MSTW2008nlo90cl PDF set, member #0, version 3; LHAPDF ID = 21150
[INFO] int5D(Dvegas): [0]  5.247103e-04 ± 7.987187e-07 (0.152%) chi2/it: 0.597
[SUCC] FLb1(q2=-25,bjorkenX=0.00085)
LHAPDF 6.1.6 loading /usr/local/share/LHAPDF/MSTW2008nlo90cl/MSTW2008nlo90cl_0000.dat
MSTW2008nlo90cl PDF set, member #0, version 3; LHAPDF ID = 21150
[INFO] int5D(Dvegas): [0]  1.211266e-04 ± 1.083155e-08 (0.009%) chi2/it: 1.101
[SUCC] FLb0(q2=-12,bjorkenX=0.00042)
LHAPDF 6.1.6 loading /usr/local/share/LHAPDF/MSTW2008nlo90cl/MSTW2008nlo90cl_0000.dat
MSTW2008nlo90cl PDF set, member #0, version 3; LHAPDF ID = 21150
[INFO] int5D(Dvegas): [0]  6.222781e-05 ± 5.415340e-09 (0.009%) chi2/it: 1.071
[SUCC] FLb0(q2=-12,bjorkenX=0.0016)
LHAPDF 6.1.6 loading /usr/local/share/LHAPDF/MSTW2008nlo90cl/MSTW2008nlo90cl_0000.dat
MSTW2008nlo90cl PDF set, member #0, version 3; LHAPDF ID = 21150
[INFO] int5D(Dvegas): [0]  4.304048e-05 ± 3.679019e-09 (0.009%) chi2/it: 1.285
[SUCC] FLb0(q2=-12,bjorkenX=0.0027)
[INFO] int5D(Dvegas): [0]  1.772853e-03 ± 2.993172e-06 (0.169%) chi2/it: 1.580
[SUCC] FLb1(q2=-50,bjorkenX=0.00085)
[INFO] int5D(Dvegas): [0]  3.752937e-03 ± 5.834834e-06 (0.155%) chi2/it: 1.261
[SUCC] FGb1(q2=-12,bjorkenX=0.00042)
[INFO] int5D(Dvegas): [0]  1.793562e-03 ± 2.438147e-06 (0.136%) chi2/it: 2.634
[SUCC] FGb1(q2=-12,bjorkenX=0.0016)
[INFO] int5D(Dvegas): [0]  1.646642e-04 ± 2.699335e-07 (0.164%) chi2/it: 1.188
[SUCC] FLb1(q2=-12,bjorkenX=0.00042)
[INFO] int5D(Dvegas): [0]  8.644008e-05 ± 1.127898e-07 (0.130%) chi2/it: 0.467
[SUCC] FLb1(q2=-12,bjorkenX=0.0016)
[INFO] int5D(Dvegas): [0]  1.224385e-03 ± 1.521811e-06 (0.124%) chi2/it: 1.021
[SUCC] FGb1(q2=-12,bjorkenX=0.0027)
[INFO] int5D(Dvegas): [0]  6.177344e-05 ± 6.757248e-08 (0.109%) chi2/it: 1.015
[SUCC] FLb1(q2=-12,bjorkenX=0.0027)

Felix@FHe15:~/Physik/PhD$ 

