[INFO] m2 = 2.25, q2 = -10, proj = L
LHAPDF 6.1.6 loading /usr/local/share/LHAPDF/MSTW2008nlo90cl/MSTW2008nlo90cl_0000.dat
MSTW2008nlo90cl PDF set, member #0, version 3; LHAPDF ID = 21150
LHAPDF 6.1.6 loading /usr/local/share/LHAPDF/MSTW2008nlo90cl/MSTW2008nlo90cl_0000.dat
MSTW2008nlo90cl PDF set, member #0, version 3; LHAPDF ID = 21150
===================================================
iteration with 4000000 shots
integral: 0.0266074 +/- 0.000867144   (3.25903%)
positive: 326441
negative: -220011
===================================================
===================================================
iteration with 4000000 shots
integral: 0.0279093 +/- 0.00028255   (1.01239%)
positive: 330328
negative: -218691
===================================================
***************************************************
integral: 0.0277843 +/- 0.000268648   (0.966906%)
chi^2/iteration: 2.0376 based on 2 iterations
***************************************************
===================================================
iteration with 4000000 shots
integral: 0.0275185 +/- 0.000158362   (0.575476%)
positive: 329648
negative: -219574
===================================================
***************************************************
integral: 0.0275871 +/- 0.000136424   (0.494521%)
chi^2/iteration: 1.38196 based on 3 iterations
***************************************************
===================================================
iteration with 4000000 shots
integral: 0.0272866 +/- 0.000141045   (0.516901%)
positive: 328350
negative: -219203
===================================================
***************************************************
integral: 0.0274418 +/- 9.80591e-05   (0.357334%)
chi^2/iteration: 1.70279 based on 4 iterations
***************************************************
===================================================
iteration with 4000000 shots
integral: 0.0275844 +/- 0.000135984   (0.492973%)
positive: 329427
negative: -219090
===================================================
***************************************************
integral: 0.0274906 +/- 7.95365e-05   (0.289322%)
chi^2/iteration: 1.45796 based on 5 iterations
***************************************************
[INFO] int5D(Dvegas): [0]  2.749062e-02 ± 7.953650e-05 (0.289%) chi2/it: 1.458
2.735433e-02	2.749062e-02	-1.362947e-04	-4.982566e-03
Thanks for using LHAPDF 6.1.6. Please make sure to cite the paper:
  Eur.Phys.J. C75 (2015) 3, 132  (http://arxiv.org/abs/1412.7420)
Press ENTER to continue...


