LHAPDF 6.1.6 loading /usr/local/share/LHAPDF/MorfinTungB/MorfinTungB_0000.dat
LHAPDF 6.1.6 loading /usr/local/share/LHAPDF/MorfinTungB/MorfinTungB_0000.dat
LHAPDF 6.1.6 loading /usr/local/share/LHAPDF/MorfinTungB/MorfinTungB_0000.dat
MorfinTungB PDF set, member #0, version 1
MorfinTungB PDF set, member #0, version 1
LHAPDF 6.1.6 loading /usr/local/share/LHAPDF/MorfinTungB/MorfinTungB_0000.dat
MorfinTungB PDF set, member #0, version 1
LHAPDF 6.1.6 loading /usr/local/share/LHAPDF/MorfinTungB/MorfinTungB_0000.dat
LHAPDF 6.1.6 loading /usr/local/share/LHAPDF/MorfinTungB/MorfinTungB_0000.dat
MorfinTungB PDF set, member #0, version 1
MorfinTungB PDF set, member #0, version 1
MorfinTungB PDF set, member #0, version 1
LHAPDF 6.1.6 loading /usr/local/share/LHAPDF/MorfinTungB/MorfinTungB_0000.dat
MorfinTungB PDF set, member #0, version 1
LHAPDF 6.1.6 loading /usr/local/share/LHAPDF/MorfinTungB/MorfinTungB_0000.dat
MorfinTungB PDF set, member #0, version 1
[INFO] int5D(Dvegas): [0]  1.129778e-01 ± 2.528305e-05 (0.022%) chi2/it: 0.657
[SUCC] /home/Felix/Physik/PhD/data/NPB392-229-MorfinTungB/dFGc_dy_x-4_0.dat
LHAPDF 6.1.6 loading /usr/local/share/LHAPDF/MorfinTungB/MorfinTungB_0000.dat
MorfinTungB PDF set, member #0, version 1
[INFO] int5D(Dvegas): [0]  6.598927e-02 ± 1.352356e-05 (0.020%) chi2/it: 0.549
[SUCC] /home/Felix/Physik/PhD/data/NPB392-229-MorfinTungB/dFGc_dy_x-3_0.dat
LHAPDF 6.1.6 loading /usr/local/share/LHAPDF/MorfinTungB/MorfinTungB_0000.dat
MorfinTungB PDF set, member #0, version 1
[INFO] int5D(Dvegas): [2]  1.204943e-03 ± 1.654412e-07 (0.014%) chi2/it: 1.108
[SUCC] /home/Felix/Physik/PhD/data/NPB392-229-MorfinTungB/dFGc_dy_x-1_0.dat
LHAPDF 6.1.6 loading /usr/local/share/LHAPDF/MorfinTungB/MorfinTungB_0000.dat
MorfinTungB PDF set, member #0, version 1
[INFO] int5D(Dvegas): [2]  2.504078e-02 ± 4.371107e-06 (0.017%) chi2/it: 1.023
[SUCC] /home/Felix/Physik/PhD/data/NPB392-229-MorfinTungB/dFGc_dy_x-2_0.dat
LHAPDF 6.1.6 loading /usr/local/share/LHAPDF/MorfinTungB/MorfinTungB_0000.dat
MorfinTungB PDF set, member #0, version 1
[INFO] int5D(Dvegas): [2]  2.610638e-04 ± 2.714111e-08 (0.010%) chi2/it: 1.294
[SUCC] /home/Felix/Physik/PhD/data/NPB392-229-MorfinTungB/dFLc_dy_x-1_0.dat
LHAPDF 6.1.6 loading /usr/local/share/LHAPDF/MorfinTungB/MorfinTungB_0000.dat
MorfinTungB PDF set, member #0, version 1
[INFO] int5D(Dvegas): [0]  5.057714e-03 ± 5.417817e-07 (0.011%) chi2/it: 1.220
[SUCC] /home/Felix/Physik/PhD/data/NPB392-229-MorfinTungB/dFLc_dy_x-2_0.dat
LHAPDF 6.1.6 loading /usr/local/share/LHAPDF/MorfinTungB/MorfinTungB_0000.dat
MorfinTungB PDF set, member #0, version 1
[INFO] int5D(Dvegas): [1]  1.134493e-02 ± 1.206291e-06 (0.011%) chi2/it: 0.505
[SUCC] /home/Felix/Physik/PhD/data/NPB392-229-MorfinTungB/dFLc_dy_x-3_0.dat
LHAPDF 6.1.6 loading /usr/local/share/LHAPDF/MorfinTungB/MorfinTungB_0000.dat
MorfinTungB PDF set, member #0, version 1
[INFO] int5D(Dvegas): [0]  1.827959e-02 ± 1.966806e-06 (0.011%) chi2/it: 0.905
[SUCC] /home/Felix/Physik/PhD/data/NPB392-229-MorfinTungB/dFLc_dy_x-4_0.dat
LHAPDF 6.1.6 loading /usr/local/share/LHAPDF/MorfinTungB/MorfinTungB_0000.dat
MorfinTungB PDF set, member #0, version 1
[INFO] int5D(Dvegas): [0]  5.165972e-02 ± 1.058692e-05 (0.020%) chi2/it: 0.549
[SUCC] /home/Felix/Physik/PhD/data/NPB392-229-MorfinTungB/dFGc_dy_x-3_1.dat
[INFO] int5D(Dvegas): [0]  8.844468e-02 ± 1.979284e-05 (0.022%) chi2/it: 0.657
[SUCC] /home/Felix/Physik/PhD/data/NPB392-229-MorfinTungB/dFGc_dy_x-4_1.dat
[INFO] int5D(Dvegas): [0]  3.959433e-03 ± 4.241340e-07 (0.011%) chi2/it: 1.220
[SUCC] /home/Felix/Physik/PhD/data/NPB392-229-MorfinTungB/dFLc_dy_x-2_1.dat
[INFO] int5D(Dvegas): [0]  1.431040e-02 ± 1.526246e-06 (0.011%) chi2/it: 1.134
[SUCC] /home/Felix/Physik/PhD/data/NPB392-229-MorfinTungB/dFLc_dy_x-4_1.dat
[INFO] int5D(Dvegas): [1]  8.881380e-03 ± 9.443450e-07 (0.011%) chi2/it: 0.505
[SUCC] /home/Felix/Physik/PhD/data/NPB392-229-MorfinTungB/dFLc_dy_x-3_1.dat
[INFO] int5D(Dvegas): [2]  2.043739e-04 ± 2.124743e-08 (0.010%) chi2/it: 1.294
[SUCC] /home/Felix/Physik/PhD/data/NPB392-229-MorfinTungB/dFLc_dy_x-1_1.dat
[INFO] int5D(Dvegas): [2]  9.432899e-04 ± 1.295157e-07 (0.014%) chi2/it: 1.108
[SUCC] /home/Felix/Physik/PhD/data/NPB392-229-MorfinTungB/dFGc_dy_x-1_1.dat
[INFO] int5D(Dvegas): [2]  1.960318e-02 ± 3.421922e-06 (0.017%) chi2/it: 1.023
[SUCC] /home/Felix/Physik/PhD/data/NPB392-229-MorfinTungB/dFGc_dy_x-2_1.dat


